{"C:\\Users\\vishu\\OneDrive\\Desktop\\SoundWave\\backend\\config\\jwt.js": {"path":"C:\\Users\\vishu\\OneDrive\\Desktop\\SoundWave\\backend\\config\\jwt.js","statementMap":{"0":{"start":{"line":3,"column":19},"end":{"line":11,"column":1}},"1":{"start":{"line":4,"column":16},"end":{"line":4,"column":32}},"2":{"start":{"line":6,"column":2},"end":{"line":8,"column":3}},"3":{"start":{"line":7,"column":4},"end":{"line":7,"column":69}},"4":{"start":{"line":10,"column":2},"end":{"line":10,"column":15}},"5":{"start":{"line":13,"column":25},"end":{"line":23,"column":1}}},"fnMap":{"0":{"name":"(anonymous_0)","decl":{"start":{"line":3,"column":19},"end":{"line":3,"column":20}},"loc":{"start":{"line":3,"column":28},"end":{"line":11,"column":1}},"line":3}},"branchMap":{"0":{"loc":{"start":{"line":6,"column":2},"end":{"line":8,"column":3}},"type":"if","locations":[{"start":{"line":6,"column":2},"end":{"line":8,"column":3}},{"start":{},"end":{}}],"line":6},"1":{"loc":{"start":{"line":16,"column":15},"end":{"line":16,"column":53}},"type":"binary-expr","locations":[{"start":{"line":16,"column":15},"end":{"line":16,"column":44}},{"start":{"line":16,"column":48},"end":{"line":16,"column":53}}],"line":16},"2":{"loc":{"start":{"line":21,"column":15},"end":{"line":21,"column":54}},"type":"binary-expr","locations":[{"start":{"line":21,"column":15},"end":{"line":21,"column":45}},{"start":{"line":21,"column":49},"end":{"line":21,"column":54}}],"line":21}},"s":{"0":1,"1":2,"2":2,"3":0,"4":2,"5":1},"f":{"0":2},"b":{"0":[0,2],"1":[1,0],"2":[1,0]},"inputSourceMap":null,"_coverageSchema":"1a1c01bbd47fc00a2c39e90264f33305004495a9","hash":"433428d0b49b0fac70d3179ef4e5378d97a53d61"}
,"C:\\Users\\vishu\\OneDrive\\Desktop\\SoundWave\\backend\\config\\security.js": {"path":"C:\\Users\\vishu\\OneDrive\\Desktop\\SoundWave\\backend\\config\\security.js","statementMap":{"0":{"start":{"line":7,"column":30},"end":{"line":100,"column":1}},"1":{"start":{"line":71,"column":29},"end":{"line":74,"column":24}},"2":{"start":{"line":73,"column":24},"end":{"line":73,"column":36}},"3":{"start":{"line":76,"column":6},"end":{"line":79,"column":7}},"4":{"start":{"line":77,"column":8},"end":{"line":77,"column":29}},"5":{"start":{"line":78,"column":8},"end":{"line":78,"column":15}},"6":{"start":{"line":81,"column":6},"end":{"line":81,"column":49}},"7":{"start":{"line":96,"column":6},"end":{"line":96,"column":100}},"8":{"start":{"line":96,"column":87},"end":{"line":96,"column":100}},"9":{"start":{"line":97,"column":6},"end":{"line":97,"column":18}},"10":{"start":{"line":102,"column":26},"end":{"line":102,"column":51}},"11":{"start":{"line":103,"column":27},"end":{"line":103,"column":47}},"12":{"start":{"line":104,"column":33},"end":{"line":104,"column":59}},"13":{"start":{"line":105,"column":29},"end":{"line":105,"column":57}},"14":{"start":{"line":106,"column":27},"end":{"line":106,"column":53}},"15":{"start":{"line":107,"column":29},"end":{"line":107,"column":57}},"16":{"start":{"line":108,"column":34},"end":{"line":108,"column":67}},"17":{"start":{"line":109,"column":25},"end":{"line":109,"column":45}}},"fnMap":{"0":{"name":"(anonymous_0)","decl":{"start":{"line":70,"column":12},"end":{"line":70,"column":13}},"loc":{"start":{"line":70,"column":34},"end":{"line":82,"column":5}},"line":70},"1":{"name":"(anonymous_1)","decl":{"start":{"line":73,"column":13},"end":{"line":73,"column":14}},"loc":{"start":{"line":73,"column":24},"end":{"line":73,"column":36}},"line":73},"2":{"name":"(anonymous_2)","decl":{"start":{"line":95,"column":12},"end":{"line":95,"column":13}},"loc":{"start":{"line":95,"column":26},"end":{"line":98,"column":5}},"line":95}},"branchMap":{"0":{"loc":{"start":{"line":71,"column":30},"end":{"line":71,"column":80}},"type":"binary-expr","locations":[{"start":{"line":71,"column":30},"end":{"line":71,"column":53}},{"start":{"line":71,"column":57},"end":{"line":71,"column":80}}],"line":71},"1":{"loc":{"start":{"line":76,"column":6},"end":{"line":79,"column":7}},"type":"if","locations":[{"start":{"line":76,"column":6},"end":{"line":79,"column":7}},{"start":{},"end":{}}],"line":76},"2":{"loc":{"start":{"line":76,"column":10},"end":{"line":76,"column":52}},"type":"binary-expr","locations":[{"start":{"line":76,"column":10},"end":{"line":76,"column":17}},{"start":{"line":76,"column":21},"end":{"line":76,"column":52}}],"line":76},"3":{"loc":{"start":{"line":96,"column":6},"end":{"line":96,"column":100}},"type":"if","locations":[{"start":{"line":96,"column":6},"end":{"line":96,"column":100}},{"start":{},"end":{}}],"line":96},"4":{"loc":{"start":{"line":96,"column":10},"end":{"line":96,"column":85}},"type":"binary-expr","locations":[{"start":{"line":96,"column":10},"end":{"line":96,"column":44}},{"start":{"line":96,"column":48},"end":{"line":96,"column":85}}],"line":96}},"s":{"0":1,"1":0,"2":0,"3":0,"4":0,"5":0,"6":0,"7":0,"8":0,"9":0,"10":1,"11":1,"12":1,"13":1,"14":1,"15":1,"16":1,"17":1},"f":{"0":0,"1":0,"2":0},"b":{"0":[0,0],"1":[0,0],"2":[0,0],"3":[0,0],"4":[0,0]},"inputSourceMap":null,"_coverageSchema":"1a1c01bbd47fc00a2c39e90264f33305004495a9","hash":"015443945388ebb9ae3c141a6dc00a2ca1027f9d"}
,"C:\\Users\\vishu\\OneDrive\\Desktop\\SoundWave\\backend\\constants\\auditActions.js": {"path":"C:\\Users\\vishu\\OneDrive\\Desktop\\SoundWave\\backend\\constants\\auditActions.js","statementMap":{"0":{"start":{"line":3,"column":29},"end":{"line":9,"column":2}},"1":{"start":{"line":11,"column":29},"end":{"line":15,"column":2}},"2":{"start":{"line":17,"column":34},"end":{"line":30,"column":2}},"3":{"start":{"line":32,"column":39},"end":{"line":37,"column":2}},"4":{"start":{"line":39,"column":38},"end":{"line":39,"column":86}},"5":{"start":{"line":40,"column":42},"end":{"line":40,"column":95}}},"fnMap":{},"branchMap":{},"s":{"0":1,"1":1,"2":1,"3":1,"4":1,"5":1},"f":{},"b":{},"inputSourceMap":null,"_coverageSchema":"1a1c01bbd47fc00a2c39e90264f33305004495a9","hash":"3e64858a6088df9587342a6aa452f3958d8b493d"}
,"C:\\Users\\vishu\\OneDrive\\Desktop\\SoundWave\\backend\\constants\\contentStatus.js": {"path":"C:\\Users\\vishu\\OneDrive\\Desktop\\SoundWave\\backend\\constants\\contentStatus.js","statementMap":{"0":{"start":{"line":3,"column":30},"end":{"line":8,"column":2}},"1":{"start":{"line":10,"column":35},"end":{"line":10,"column":79}}},"fnMap":{},"branchMap":{},"s":{"0":1,"1":1},"f":{},"b":{},"inputSourceMap":null,"_coverageSchema":"1a1c01bbd47fc00a2c39e90264f33305004495a9","hash":"213a9cb1d54de5da03ee225a541158fa3bdb54d7"}
,"C:\\Users\\vishu\\OneDrive\\Desktop\\SoundWave\\backend\\constants\\roles.js": {"path":"C:\\Users\\vishu\\OneDrive\\Desktop\\SoundWave\\backend\\constants\\roles.js","statementMap":{"0":{"start":{"line":1,"column":21},"end":{"line":6,"column":2}},"1":{"start":{"line":8,"column":25},"end":{"line":8,"column":45}}},"fnMap":{},"branchMap":{},"s":{"0":2,"1":2},"f":{},"b":{},"inputSourceMap":null,"_coverageSchema":"1a1c01bbd47fc00a2c39e90264f33305004495a9","hash":"796340389961d8f5e1ec1ca7c17a8e54604d4787"}
,"C:\\Users\\vishu\\OneDrive\\Desktop\\SoundWave\\backend\\constants\\songStatus.js": {"path":"C:\\Users\\vishu\\OneDrive\\Desktop\\SoundWave\\backend\\constants\\songStatus.js","statementMap":{"0":{"start":{"line":3,"column":27},"end":{"line":9,"column":2}},"1":{"start":{"line":11,"column":32},"end":{"line":11,"column":73}},"2":{"start":{"line":13,"column":31},"end":{"line":17,"column":2}},"3":{"start":{"line":19,"column":36},"end":{"line":19,"column":81}},"4":{"start":{"line":21,"column":26},"end":{"line":21,"column":41}},"5":{"start":{"line":22,"column":31},"end":{"line":22,"column":51}},"6":{"start":{"line":26,"column":39},"end":{"line":32,"column":2}}},"fnMap":{},"branchMap":{},"s":{"0":1,"1":1,"2":1,"3":1,"4":1,"5":1,"6":1},"f":{},"b":{},"inputSourceMap":null,"_coverageSchema":"1a1c01bbd47fc00a2c39e90264f33305004495a9","hash":"61799bfc7981ae0db0725df2d734c036eba361d7"}
,"C:\\Users\\vishu\\OneDrive\\Desktop\\SoundWave\\backend\\constants\\status.js": {"path":"C:\\Users\\vishu\\OneDrive\\Desktop\\SoundWave\\backend\\constants\\status.js","statementMap":{"0":{"start":{"line":1,"column":27},"end":{"line":5,"column":2}},"1":{"start":{"line":7,"column":27},"end":{"line":7,"column":53}}},"fnMap":{},"branchMap":{},"s":{"0":2,"1":2},"f":{},"b":{},"inputSourceMap":null,"_coverageSchema":"1a1c01bbd47fc00a2c39e90264f33305004495a9","hash":"97a5bcd2cb18ae368e88e507cb9768d62e201a45"}
,"C:\\Users\\vishu\\OneDrive\\Desktop\\SoundWave\\backend\\controllers\\genreController.js": {"path":"C:\\Users\\vishu\\OneDrive\\Desktop\\SoundWave\\backend\\controllers\\genreController.js","statementMap":{"0":{"start":{"line":7,"column":27},"end":{"line":10,"column":2}},"1":{"start":{"line":8,"column":16},"end":{"line":8,"column":56}},"2":{"start":{"line":9,"column":2},"end":{"line":9,"column":83}},"3":{"start":{"line":12,"column":27},"end":{"line":15,"column":2}},"4":{"start":{"line":13,"column":16},"end":{"line":13,"column":95}},"5":{"start":{"line":14,"column":2},"end":{"line":14,"column":83}},"6":{"start":{"line":17,"column":27},"end":{"line":20,"column":2}},"7":{"start":{"line":18,"column":17},"end":{"line":18,"column":67}},"8":{"start":{"line":19,"column":2},"end":{"line":19,"column":84}},"9":{"start":{"line":22,"column":26},"end":{"line":34,"column":2}},"10":{"start":{"line":23,"column":17},"end":{"line":25,"column":4}},"11":{"start":{"line":27,"column":2},"end":{"line":33,"column":4}}},"fnMap":{"0":{"name":"(anonymous_0)","decl":{"start":{"line":7,"column":40},"end":{"line":7,"column":41}},"loc":{"start":{"line":7,"column":60},"end":{"line":10,"column":1}},"line":7},"1":{"name":"(anonymous_1)","decl":{"start":{"line":12,"column":40},"end":{"line":12,"column":41}},"loc":{"start":{"line":12,"column":60},"end":{"line":15,"column":1}},"line":12},"2":{"name":"(anonymous_2)","decl":{"start":{"line":17,"column":40},"end":{"line":17,"column":41}},"loc":{"start":{"line":17,"column":60},"end":{"line":20,"column":1}},"line":17},"3":{"name":"(anonymous_3)","decl":{"start":{"line":22,"column":39},"end":{"line":22,"column":40}},"loc":{"start":{"line":22,"column":59},"end":{"line":34,"column":1}},"line":22}},"branchMap":{},"s":{"0":1,"1":3,"2":2,"3":1,"4":0,"5":0,"6":1,"7":0,"8":0,"9":1,"10":1,"11":1},"f":{"0":3,"1":0,"2":0,"3":1},"b":{},"inputSourceMap":null,"_coverageSchema":"1a1c01bbd47fc00a2c39e90264f33305004495a9","hash":"55e6da4f6ccf55f31e001c919f726304dfb76d2c"}
,"C:\\Users\\vishu\\OneDrive\\Desktop\\SoundWave\\backend\\middleware\\authMiddleware.js": {"path":"C:\\Users\\vishu\\OneDrive\\Desktop\\SoundWave\\backend\\middleware\\authMiddleware.js","statementMap":{"0":{"start":{"line":7,"column":23},"end":{"line":50,"column":1}},"1":{"start":{"line":8,"column":2},"end":{"line":49,"column":3}},"2":{"start":{"line":9,"column":23},"end":{"line":9,"column":48}},"3":{"start":{"line":11,"column":4},"end":{"line":13,"column":5}},"4":{"start":{"line":12,"column":6},"end":{"line":12,"column":57}},"5":{"start":{"line":15,"column":18},"end":{"line":15,"column":50}},"6":{"start":{"line":17,"column":4},"end":{"line":19,"column":5}},"7":{"start":{"line":18,"column":6},"end":{"line":18,"column":62}},"8":{"start":{"line":21,"column":20},"end":{"line":21,"column":67}},"9":{"start":{"line":23,"column":4},"end":{"line":25,"column":5}},"10":{"start":{"line":24,"column":6},"end":{"line":24,"column":47}},"11":{"start":{"line":27,"column":17},"end":{"line":27,"column":68}},"12":{"start":{"line":29,"column":4},"end":{"line":31,"column":5}},"13":{"start":{"line":30,"column":6},"end":{"line":30,"column":48}},"14":{"start":{"line":33,"column":4},"end":{"line":35,"column":5}},"15":{"start":{"line":34,"column":6},"end":{"line":34,"column":60}},"16":{"start":{"line":37,"column":4},"end":{"line":37,"column":20}},"17":{"start":{"line":38,"column":4},"end":{"line":38,"column":11}},"18":{"start":{"line":40,"column":4},"end":{"line":42,"column":5}},"19":{"start":{"line":41,"column":6},"end":{"line":41,"column":54}},"20":{"start":{"line":44,"column":4},"end":{"line":46,"column":5}},"21":{"start":{"line":45,"column":6},"end":{"line":45,"column":54}},"22":{"start":{"line":48,"column":4},"end":{"line":48,"column":16}}},"fnMap":{"0":{"name":"(anonymous_0)","decl":{"start":{"line":7,"column":23},"end":{"line":7,"column":24}},"loc":{"start":{"line":7,"column":49},"end":{"line":50,"column":1}},"line":7}},"branchMap":{"0":{"loc":{"start":{"line":11,"column":4},"end":{"line":13,"column":5}},"type":"if","locations":[{"start":{"line":11,"column":4},"end":{"line":13,"column":5}},{"start":{},"end":{}}],"line":11},"1":{"loc":{"start":{"line":11,"column":8},"end":{"line":11,"column":56}},"type":"binary-expr","locations":[{"start":{"line":11,"column":8},"end":{"line":11,"column":19}},{"start":{"line":11,"column":23},"end":{"line":11,"column":56}}],"line":11},"2":{"loc":{"start":{"line":17,"column":4},"end":{"line":19,"column":5}},"type":"if","locations":[{"start":{"line":17,"column":4},"end":{"line":19,"column":5}},{"start":{},"end":{}}],"line":17},"3":{"loc":{"start":{"line":23,"column":4},"end":{"line":25,"column":5}},"type":"if","locations":[{"start":{"line":23,"column":4},"end":{"line":25,"column":5}},{"start":{},"end":{}}],"line":23},"4":{"loc":{"start":{"line":23,"column":8},"end":{"line":23,"column":31}},"type":"binary-expr","locations":[{"start":{"line":23,"column":8},"end":{"line":23,"column":16}},{"start":{"line":23,"column":20},"end":{"line":23,"column":31}}],"line":23},"5":{"loc":{"start":{"line":29,"column":4},"end":{"line":31,"column":5}},"type":"if","locations":[{"start":{"line":29,"column":4},"end":{"line":31,"column":5}},{"start":{},"end":{}}],"line":29},"6":{"loc":{"start":{"line":33,"column":4},"end":{"line":35,"column":5}},"type":"if","locations":[{"start":{"line":33,"column":4},"end":{"line":35,"column":5}},{"start":{},"end":{}}],"line":33},"7":{"loc":{"start":{"line":40,"column":4},"end":{"line":42,"column":5}},"type":"if","locations":[{"start":{"line":40,"column":4},"end":{"line":42,"column":5}},{"start":{},"end":{}}],"line":40},"8":{"loc":{"start":{"line":44,"column":4},"end":{"line":46,"column":5}},"type":"if","locations":[{"start":{"line":44,"column":4},"end":{"line":46,"column":5}},{"start":{},"end":{}}],"line":44}},"s":{"0":1,"1":6,"2":6,"3":6,"4":1,"5":5,"6":5,"7":0,"8":5,"9":5,"10":0,"11":5,"12":5,"13":0,"14":5,"15":0,"16":5,"17":5,"18":1,"19":0,"20":1,"21":0,"22":1},"f":{"0":6},"b":{"0":[1,5],"1":[6,5],"2":[0,5],"3":[0,5],"4":[5,5],"5":[0,5],"6":[0,5],"7":[0,1],"8":[0,1]},"inputSourceMap":null,"_coverageSchema":"1a1c01bbd47fc00a2c39e90264f33305004495a9","hash":"5c575052dbd17e7433fef788fededd1895a30c4f"}
,"C:\\Users\\vishu\\OneDrive\\Desktop\\SoundWave\\backend\\middleware\\cacheMiddleware.js": {"path":"C:\\Users\\vishu\\OneDrive\\Desktop\\SoundWave\\backend\\middleware\\cacheMiddleware.js","statementMap":{"0":{"start":{"line":10,"column":14},"end":{"line":10,"column":23}},"1":{"start":{"line":12,"column":18},"end":{"line":12,"column":67}},"2":{"start":{"line":12,"column":29},"end":{"line":12,"column":67}},"3":{"start":{"line":21,"column":21},"end":{"line":38,"column":1}},"4":{"start":{"line":21,"column":51},"end":{"line":38,"column":1}},"5":{"start":{"line":22,"column":14},"end":{"line":22,"column":68}},"6":{"start":{"line":23,"column":16},"end":{"line":23,"column":30}},"7":{"start":{"line":25,"column":2},"end":{"line":27,"column":3}},"8":{"start":{"line":26,"column":4},"end":{"line":26,"column":44}},"9":{"start":{"line":29,"column":23},"end":{"line":29,"column":41}},"10":{"start":{"line":30,"column":2},"end":{"line":35,"column":4}},"11":{"start":{"line":31,"column":4},"end":{"line":33,"column":5}},"12":{"start":{"line":32,"column":6},"end":{"line":32,"column":80}},"13":{"start":{"line":34,"column":4},"end":{"line":34,"column":30}},"14":{"start":{"line":37,"column":2},"end":{"line":37,"column":9}},"15":{"start":{"line":45,"column":26},"end":{"line":53,"column":1}},"16":{"start":{"line":46,"column":2},"end":{"line":49,"column":3}},"17":{"start":{"line":47,"column":4},"end":{"line":47,"column":30}},"18":{"start":{"line":48,"column":4},"end":{"line":48,"column":11}},"19":{"start":{"line":50,"column":2},"end":{"line":52,"column":3}},"20":{"start":{"line":51,"column":4},"end":{"line":51,"column":55}},"21":{"start":{"line":51,"column":37},"end":{"line":51,"column":55}},"22":{"start":{"line":55,"column":26},"end":{"line":55,"column":45}},"23":{"start":{"line":55,"column":32},"end":{"line":55,"column":45}}},"fnMap":{"0":{"name":"(anonymous_0)","decl":{"start":{"line":12,"column":18},"end":{"line":12,"column":19}},"loc":{"start":{"line":12,"column":29},"end":{"line":12,"column":67}},"line":12},"1":{"name":"(anonymous_1)","decl":{"start":{"line":21,"column":21},"end":{"line":21,"column":22}},"loc":{"start":{"line":21,"column":51},"end":{"line":38,"column":1}},"line":21},"2":{"name":"(anonymous_2)","decl":{"start":{"line":21,"column":51},"end":{"line":21,"column":52}},"loc":{"start":{"line":21,"column":71},"end":{"line":38,"column":1}},"line":21},"3":{"name":"(anonymous_3)","decl":{"start":{"line":30,"column":13},"end":{"line":30,"column":14}},"loc":{"start":{"line":30,"column":23},"end":{"line":35,"column":3}},"line":30},"4":{"name":"(anonymous_4)","decl":{"start":{"line":45,"column":26},"end":{"line":45,"column":27}},"loc":{"start":{"line":45,"column":43},"end":{"line":53,"column":1}},"line":45},"5":{"name":"(anonymous_5)","decl":{"start":{"line":55,"column":26},"end":{"line":55,"column":27}},"loc":{"start":{"line":55,"column":32},"end":{"line":55,"column":45}},"line":55}},"branchMap":{"0":{"loc":{"start":{"line":12,"column":29},"end":{"line":12,"column":67}},"type":"binary-expr","locations":[{"start":{"line":12,"column":29},"end":{"line":12,"column":35}},{"start":{"line":12,"column":39},"end":{"line":12,"column":67}}],"line":12},"1":{"loc":{"start":{"line":21,"column":31},"end":{"line":21,"column":46}},"type":"default-arg","locations":[{"start":{"line":21,"column":44},"end":{"line":21,"column":46}}],"line":21},"2":{"loc":{"start":{"line":22,"column":14},"end":{"line":22,"column":68}},"type":"cond-expr","locations":[{"start":{"line":22,"column":46},"end":{"line":22,"column":58}},{"start":{"line":22,"column":61},"end":{"line":22,"column":68}}],"line":22},"3":{"loc":{"start":{"line":25,"column":2},"end":{"line":27,"column":3}},"type":"if","locations":[{"start":{"line":25,"column":2},"end":{"line":27,"column":3}},{"start":{},"end":{}}],"line":25},"4":{"loc":{"start":{"line":31,"column":4},"end":{"line":33,"column":5}},"type":"if","locations":[{"start":{"line":31,"column":4},"end":{"line":33,"column":5}},{"start":{},"end":{}}],"line":31},"5":{"loc":{"start":{"line":46,"column":2},"end":{"line":49,"column":3}},"type":"if","locations":[{"start":{"line":46,"column":2},"end":{"line":49,"column":3}},{"start":{},"end":{}}],"line":46},"6":{"loc":{"start":{"line":51,"column":4},"end":{"line":51,"column":55}},"type":"if","locations":[{"start":{"line":51,"column":4},"end":{"line":51,"column":55}},{"start":{},"end":{}}],"line":51}},"s":{"0":1,"1":1,"2":1,"3":1,"4":1,"5":1,"6":1,"7":1,"8":0,"9":1,"10":1,"11":1,"12":1,"13":1,"14":1,"15":1,"16":2,"17":0,"18":0,"19":2,"20":0,"21":0,"22":1,"23":6},"f":{"0":1,"1":1,"2":1,"3":1,"4":2,"5":6},"b":{"0":[1,0],"1":[0],"2":[0,1],"3":[0,1],"4":[1,0],"5":[0,2],"6":[0,0]},"inputSourceMap":null,"_coverageSchema":"1a1c01bbd47fc00a2c39e90264f33305004495a9","hash":"e7e9a89a10f53f2218c7e20035d029f72a764886"}
,"C:\\Users\\vishu\\OneDrive\\Desktop\\SoundWave\\backend\\middleware\\rateLimiter.js": {"path":"C:\\Users\\vishu\\OneDrive\\Desktop\\SoundWave\\backend\\middleware\\rateLimiter.js","statementMap":{"0":{"start":{"line":10,"column":25},"end":{"line":12,"column":1}},"1":{"start":{"line":10,"column":38},"end":{"line":12,"column":1}},"2":{"start":{"line":11,"column":2},"end":{"line":11,"column":35}},"3":{"start":{"line":14,"column":22},"end":{"line":22,"column":4}},"4":{"start":{"line":15,"column":2},"end":{"line":22,"column":4}},"5":{"start":{"line":24,"column":29},"end":{"line":27,"column":2}},"6":{"start":{"line":29,"column":27},"end":{"line":32,"column":2}},"7":{"start":{"line":34,"column":37},"end":{"line":37,"column":2}},"8":{"start":{"line":39,"column":29},"end":{"line":42,"column":2}},"9":{"start":{"line":44,"column":28},"end":{"line":47,"column":2}},"10":{"start":{"line":49,"column":29},"end":{"line":58,"column":4}},"11":{"start":{"line":54,"column":2},"end":{"line":58,"column":4}},"12":{"start":{"line":60,"column":29},"end":{"line":69,"column":4}},"13":{"start":{"line":65,"column":2},"end":{"line":69,"column":4}},"14":{"start":{"line":71,"column":33},"end":{"line":74,"column":2}}},"fnMap":{"0":{"name":"(anonymous_0)","decl":{"start":{"line":10,"column":25},"end":{"line":10,"column":26}},"loc":{"start":{"line":10,"column":38},"end":{"line":12,"column":1}},"line":10},"1":{"name":"(anonymous_1)","decl":{"start":{"line":10,"column":38},"end":{"line":10,"column":39}},"loc":{"start":{"line":10,"column":58},"end":{"line":12,"column":1}},"line":10},"2":{"name":"(anonymous_2)","decl":{"start":{"line":14,"column":22},"end":{"line":14,"column":23}},"loc":{"start":{"line":15,"column":2},"end":{"line":22,"column":4}},"line":15},"3":{"name":"(anonymous_3)","decl":{"start":{"line":49,"column":29},"end":{"line":49,"column":30}},"loc":{"start":{"line":54,"column":2},"end":{"line":58,"column":4}},"line":54},"4":{"name":"(anonymous_4)","decl":{"start":{"line":60,"column":29},"end":{"line":60,"column":30}},"loc":{"start":{"line":65,"column":2},"end":{"line":69,"column":4}},"line":65}},"branchMap":{"0":{"loc":{"start":{"line":14,"column":23},"end":{"line":14,"column":68}},"type":"default-arg","locations":[{"start":{"line":14,"column":66},"end":{"line":14,"column":68}}],"line":14},"1":{"loc":{"start":{"line":49,"column":30},"end":{"line":53,"column":6}},"type":"default-arg","locations":[{"start":{"line":53,"column":4},"end":{"line":53,"column":6}}],"line":49},"2":{"loc":{"start":{"line":50,"column":2},"end":{"line":50,"column":42}},"type":"default-arg","locations":[{"start":{"line":50,"column":13},"end":{"line":50,"column":42}}],"line":50},"3":{"loc":{"start":{"line":51,"column":2},"end":{"line":51,"column":36}},"type":"default-arg","locations":[{"start":{"line":51,"column":10},"end":{"line":51,"column":36}}],"line":51},"4":{"loc":{"start":{"line":52,"column":2},"end":{"line":52,"column":40}},"type":"default-arg","locations":[{"start":{"line":52,"column":12},"end":{"line":52,"column":40}}],"line":52},"5":{"loc":{"start":{"line":60,"column":30},"end":{"line":64,"column":6}},"type":"default-arg","locations":[{"start":{"line":64,"column":4},"end":{"line":64,"column":6}}],"line":60},"6":{"loc":{"start":{"line":61,"column":2},"end":{"line":61,"column":39}},"type":"default-arg","locations":[{"start":{"line":61,"column":13},"end":{"line":61,"column":39}}],"line":61},"7":{"loc":{"start":{"line":62,"column":2},"end":{"line":62,"column":33}},"type":"default-arg","locations":[{"start":{"line":62,"column":10},"end":{"line":62,"column":33}}],"line":62},"8":{"loc":{"start":{"line":63,"column":2},"end":{"line":63,"column":37}},"type":"default-arg","locations":[{"start":{"line":63,"column":12},"end":{"line":63,"column":37}}],"line":63}},"s":{"0":1,"1":6,"2":0,"3":1,"4":6,"5":1,"6":1,"7":1,"8":1,"9":1,"10":1,"11":0,"12":1,"13":0,"14":1},"f":{"0":6,"1":0,"2":6,"3":0,"4":0},"b":{"0":[0],"1":[0],"2":[0],"3":[0],"4":[0],"5":[0],"6":[0],"7":[0],"8":[0]},"inputSourceMap":null,"_coverageSchema":"1a1c01bbd47fc00a2c39e90264f33305004495a9","hash":"b1041fafcf0496abb78cc6b9090b8798d523a655"}
,"C:\\Users\\vishu\\OneDrive\\Desktop\\SoundWave\\backend\\middleware\\roleMiddleware.js": {"path":"C:\\Users\\vishu\\OneDrive\\Desktop\\SoundWave\\backend\\middleware\\roleMiddleware.js","statementMap":{"0":{"start":{"line":3,"column":23},"end":{"line":19,"column":1}},"1":{"start":{"line":4,"column":2},"end":{"line":18,"column":4}},"2":{"start":{"line":5,"column":4},"end":{"line":7,"column":5}},"3":{"start":{"line":6,"column":6},"end":{"line":6,"column":64}},"4":{"start":{"line":9,"column":4},"end":{"line":11,"column":5}},"5":{"start":{"line":10,"column":6},"end":{"line":10,"column":65}},"6":{"start":{"line":13,"column":4},"end":{"line":15,"column":5}},"7":{"start":{"line":14,"column":6},"end":{"line":14,"column":54}},"8":{"start":{"line":17,"column":4},"end":{"line":17,"column":11}}},"fnMap":{"0":{"name":"(anonymous_0)","decl":{"start":{"line":3,"column":23},"end":{"line":3,"column":24}},"loc":{"start":{"line":3,"column":44},"end":{"line":19,"column":1}},"line":3},"1":{"name":"(anonymous_1)","decl":{"start":{"line":4,"column":9},"end":{"line":4,"column":10}},"loc":{"start":{"line":4,"column":29},"end":{"line":18,"column":3}},"line":4}},"branchMap":{"0":{"loc":{"start":{"line":5,"column":4},"end":{"line":7,"column":5}},"type":"if","locations":[{"start":{"line":5,"column":4},"end":{"line":7,"column":5}},{"start":{},"end":{}}],"line":5},"1":{"loc":{"start":{"line":9,"column":4},"end":{"line":11,"column":5}},"type":"if","locations":[{"start":{"line":9,"column":4},"end":{"line":11,"column":5}},{"start":{},"end":{}}],"line":9},"2":{"loc":{"start":{"line":9,"column":8},"end":{"line":9,"column":65}},"type":"binary-expr","locations":[{"start":{"line":9,"column":8},"end":{"line":9,"column":36}},{"start":{"line":9,"column":40},"end":{"line":9,"column":65}}],"line":9},"3":{"loc":{"start":{"line":13,"column":4},"end":{"line":15,"column":5}},"type":"if","locations":[{"start":{"line":13,"column":4},"end":{"line":15,"column":5}},{"start":{},"end":{}}],"line":13}},"s":{"0":1,"1":1,"2":5,"3":0,"4":5,"5":0,"6":5,"7":1,"8":4},"f":{"0":1,"1":5},"b":{"0":[0,5],"1":[0,5],"2":[5,5],"3":[1,4]},"inputSourceMap":null,"_coverageSchema":"1a1c01bbd47fc00a2c39e90264f33305004495a9","hash":"0c990f8486fbb5582dbf47bbc51febfa6596d2d6"}
,"C:\\Users\\vishu\\OneDrive\\Desktop\\SoundWave\\backend\\middleware\\validateRequest.js": {"path":"C:\\Users\\vishu\\OneDrive\\Desktop\\SoundWave\\backend\\middleware\\validateRequest.js","statementMap":{"0":{"start":{"line":3,"column":24},"end":{"line":15,"column":1}},"1":{"start":{"line":4,"column":17},"end":{"line":4,"column":38}},"2":{"start":{"line":6,"column":2},"end":{"line":12,"column":3}},"3":{"start":{"line":7,"column":4},"end":{"line":11,"column":7}},"4":{"start":{"line":14,"column":2},"end":{"line":14,"column":9}}},"fnMap":{"0":{"name":"(anonymous_0)","decl":{"start":{"line":3,"column":24},"end":{"line":3,"column":25}},"loc":{"start":{"line":3,"column":44},"end":{"line":15,"column":1}},"line":3}},"branchMap":{"0":{"loc":{"start":{"line":6,"column":2},"end":{"line":12,"column":3}},"type":"if","locations":[{"start":{"line":6,"column":2},"end":{"line":12,"column":3}},{"start":{},"end":{}}],"line":6}},"s":{"0":1,"1":4,"2":4,"3":1,"4":3},"f":{"0":4},"b":{"0":[1,3]},"inputSourceMap":null,"_coverageSchema":"1a1c01bbd47fc00a2c39e90264f33305004495a9","hash":"1004ce5aebd9ad9022dd347f46d182b7f90c022a"}
,"C:\\Users\\vishu\\OneDrive\\Desktop\\SoundWave\\backend\\models\\AuditLog.js": {"path":"C:\\Users\\vishu\\OneDrive\\Desktop\\SoundWave\\backend\\models\\AuditLog.js","statementMap":{"0":{"start":{"line":3,"column":23},"end":{"line":44,"column":1}},"1":{"start":{"line":46,"column":0},"end":{"line":49,"column":3}},"2":{"start":{"line":51,"column":17},"end":{"line":54,"column":1}}},"fnMap":{},"branchMap":{},"s":{"0":1,"1":1,"2":1},"f":{},"b":{},"inputSourceMap":null,"_coverageSchema":"1a1c01bbd47fc00a2c39e90264f33305004495a9","hash":"5fd3b0283d393240387fcd2b47d62905fea4785e"}
,"C:\\Users\\vishu\\OneDrive\\Desktop\\SoundWave\\backend\\models\\Genre.js": {"path":"C:\\Users\\vishu\\OneDrive\\Desktop\\SoundWave\\backend\\models\\Genre.js","statementMap":{"0":{"start":{"line":5,"column":20},"end":{"line":58,"column":1}},"1":{"start":{"line":60,"column":0},"end":{"line":63,"column":3}},"2":{"start":{"line":65,"column":14},"end":{"line":65,"column":50}}},"fnMap":{},"branchMap":{},"s":{"0":1,"1":1,"2":1},"f":{},"b":{},"inputSourceMap":null,"_coverageSchema":"1a1c01bbd47fc00a2c39e90264f33305004495a9","hash":"64ee8dd330f2b1d78765eb9d32bf1a7a42dc6612"}
,"C:\\Users\\vishu\\OneDrive\\Desktop\\SoundWave\\backend\\models\\Notification.js": {"path":"C:\\Users\\vishu\\OneDrive\\Desktop\\SoundWave\\backend\\models\\Notification.js","statementMap":{"0":{"start":{"line":10,"column":27},"end":{"line":90,"column":1}},"1":{"start":{"line":98,"column":0},"end":{"line":101,"column":3}},"2":{"start":{"line":103,"column":0},"end":{"line":105,"column":3}},"3":{"start":{"line":107,"column":0},"end":{"line":109,"column":3}},"4":{"start":{"line":111,"column":21},"end":{"line":114,"column":1}}},"fnMap":{},"branchMap":{},"s":{"0":1,"1":1,"2":1,"3":1,"4":1},"f":{},"b":{},"inputSourceMap":null,"_coverageSchema":"1a1c01bbd47fc00a2c39e90264f33305004495a9","hash":"7da8ad89316d89d9b515747d024e1d9d23537f1c"}
,"C:\\Users\\vishu\\OneDrive\\Desktop\\SoundWave\\backend\\models\\Song.js": {"path":"C:\\Users\\vishu\\OneDrive\\Desktop\\SoundWave\\backend\\models\\Song.js","statementMap":{"0":{"start":{"line":5,"column":19},"end":{"line":187,"column":1}},"1":{"start":{"line":191,"column":0},"end":{"line":200,"column":2}},"2":{"start":{"line":202,"column":0},"end":{"line":204,"column":3}},"3":{"start":{"line":206,"column":0},"end":{"line":208,"column":3}},"4":{"start":{"line":210,"column":0},"end":{"line":212,"column":3}},"5":{"start":{"line":214,"column":0},"end":{"line":216,"column":3}},"6":{"start":{"line":218,"column":0},"end":{"line":220,"column":3}},"7":{"start":{"line":222,"column":0},"end":{"line":224,"column":3}},"8":{"start":{"line":226,"column":13},"end":{"line":226,"column":47}}},"fnMap":{},"branchMap":{},"s":{"0":1,"1":1,"2":1,"3":1,"4":1,"5":1,"6":1,"7":1,"8":1},"f":{},"b":{},"inputSourceMap":null,"_coverageSchema":"1a1c01bbd47fc00a2c39e90264f33305004495a9","hash":"b31831902c53b9ac798ff5258d6915efc379f645"}
,"C:\\Users\\vishu\\OneDrive\\Desktop\\SoundWave\\backend\\models\\User.js": {"path":"C:\\Users\\vishu\\OneDrive\\Desktop\\SoundWave\\backend\\models\\User.js","statementMap":{"0":{"start":{"line":7,"column":19},"end":{"line":119,"column":1}},"1":{"start":{"line":125,"column":0},"end":{"line":127,"column":3}},"2":{"start":{"line":126,"column":2},"end":{"line":126,"column":59}},"3":{"start":{"line":133,"column":0},"end":{"line":143,"column":3}},"4":{"start":{"line":134,"column":2},"end":{"line":134,"column":50}},"5":{"start":{"line":134,"column":36},"end":{"line":134,"column":50}},"6":{"start":{"line":136,"column":2},"end":{"line":136,"column":55}},"7":{"start":{"line":138,"column":2},"end":{"line":140,"column":3}},"8":{"start":{"line":139,"column":4},"end":{"line":139,"column":40}},"9":{"start":{"line":142,"column":2},"end":{"line":142,"column":9}},"10":{"start":{"line":149,"column":0},"end":{"line":151,"column":2}},"11":{"start":{"line":150,"column":2},"end":{"line":150,"column":64}},"12":{"start":{"line":153,"column":13},"end":{"line":153,"column":47}}},"fnMap":{"0":{"name":"(anonymous_0)","decl":{"start":{"line":125,"column":35},"end":{"line":125,"column":36}},"loc":{"start":{"line":125,"column":47},"end":{"line":127,"column":1}},"line":125},"1":{"name":"(anonymous_1)","decl":{"start":{"line":133,"column":23},"end":{"line":133,"column":24}},"loc":{"start":{"line":133,"column":45},"end":{"line":143,"column":1}},"line":133},"2":{"name":"(anonymous_2)","decl":{"start":{"line":149,"column":37},"end":{"line":149,"column":38}},"loc":{"start":{"line":149,"column":72},"end":{"line":151,"column":1}},"line":149}},"branchMap":{"0":{"loc":{"start":{"line":126,"column":12},"end":{"line":126,"column":57}},"type":"binary-expr","locations":[{"start":{"line":126,"column":12},"end":{"line":126,"column":26}},{"start":{"line":126,"column":30},"end":{"line":126,"column":57}}],"line":126},"1":{"loc":{"start":{"line":134,"column":2},"end":{"line":134,"column":50}},"type":"if","locations":[{"start":{"line":134,"column":2},"end":{"line":134,"column":50}},{"start":{},"end":{}}],"line":134},"2":{"loc":{"start":{"line":138,"column":2},"end":{"line":140,"column":3}},"type":"if","locations":[{"start":{"line":138,"column":2},"end":{"line":140,"column":3}},{"start":{},"end":{}}],"line":138}},"s":{"0":2,"1":2,"2":0,"3":2,"4":7,"5":0,"6":7,"7":7,"8":0,"9":7,"10":2,"11":0,"12":2},"f":{"0":0,"1":7,"2":0},"b":{"0":[0,0],"1":[0,7],"2":[0,7]},"inputSourceMap":null,"_coverageSchema":"1a1c01bbd47fc00a2c39e90264f33305004495a9","hash":"1a85216c69abb36b16bea295897543f4d1fb72f4"}
,"C:\\Users\\vishu\\OneDrive\\Desktop\\SoundWave\\backend\\routes\\genreRoutes.js": {"path":"C:\\Users\\vishu\\OneDrive\\Desktop\\SoundWave\\backend\\routes\\genreRoutes.js","statementMap":{"0":{"start":{"line":25,"column":15},"end":{"line":25,"column":23}},"1":{"start":{"line":27,"column":0},"end":{"line":27,"column":81}},"2":{"start":{"line":29,"column":0},"end":{"line":29,"column":75}},"3":{"start":{"line":31,"column":0},"end":{"line":31,"column":83}},"4":{"start":{"line":32,"column":0},"end":{"line":32,"column":92}},"5":{"start":{"line":33,"column":0},"end":{"line":33,"column":94}}},"fnMap":{},"branchMap":{},"s":{"0":1,"1":1,"2":1,"3":1,"4":1,"5":1},"f":{},"b":{},"inputSourceMap":null,"_coverageSchema":"1a1c01bbd47fc00a2c39e90264f33305004495a9","hash":"685dd9c1433dd3c9592b9e63da2d478bf72c327f"}
,"C:\\Users\\vishu\\OneDrive\\Desktop\\SoundWave\\backend\\services\\auditLogService.js": {"path":"C:\\Users\\vishu\\OneDrive\\Desktop\\SoundWave\\backend\\services\\auditLogService.js","statementMap":{"0":{"start":{"line":14,"column":4},"end":{"line":23,"column":7}},"1":{"start":{"line":36,"column":22},"end":{"line":36,"column":85}},"2":{"start":{"line":37,"column":29},"end":{"line":37,"column":76}},"3":{"start":{"line":39,"column":4},"end":{"line":47,"column":7}},"4":{"start":{"line":51,"column":4},"end":{"line":51,"column":24}},"5":{"start":{"line":52,"column":4},"end":{"line":52,"column":26}},"6":{"start":{"line":54,"column":17},"end":{"line":54,"column":35}},"7":{"start":{"line":56,"column":17},"end":{"line":60,"column":19}},"8":{"start":{"line":62,"column":18},"end":{"line":62,"column":49}},"9":{"start":{"line":64,"column":4},"end":{"line":69,"column":6}}},"fnMap":{"0":{"name":"(anonymous_0)","decl":{"start":{"line":4,"column":2},"end":{"line":4,"column":3}},"loc":{"start":{"line":13,"column":5},"end":{"line":24,"column":3}},"line":13},"1":{"name":"(anonymous_1)","decl":{"start":{"line":26,"column":2},"end":{"line":26,"column":3}},"loc":{"start":{"line":35,"column":5},"end":{"line":48,"column":3}},"line":35},"2":{"name":"(anonymous_2)","decl":{"start":{"line":50,"column":2},"end":{"line":50,"column":3}},"loc":{"start":{"line":50,"column":47},"end":{"line":70,"column":3}},"line":50}},"branchMap":{"0":{"loc":{"start":{"line":8,"column":4},"end":{"line":8,"column":19}},"type":"default-arg","locations":[{"start":{"line":8,"column":15},"end":{"line":8,"column":19}}],"line":8},"1":{"loc":{"start":{"line":9,"column":4},"end":{"line":9,"column":16}},"type":"default-arg","locations":[{"start":{"line":9,"column":14},"end":{"line":9,"column":16}}],"line":9},"2":{"loc":{"start":{"line":10,"column":4},"end":{"line":10,"column":18}},"type":"default-arg","locations":[{"start":{"line":10,"column":16},"end":{"line":10,"column":18}}],"line":10},"3":{"loc":{"start":{"line":11,"column":4},"end":{"line":11,"column":18}},"type":"default-arg","locations":[{"start":{"line":11,"column":16},"end":{"line":11,"column":18}}],"line":11},"4":{"loc":{"start":{"line":30,"column":4},"end":{"line":30,"column":19}},"type":"default-arg","locations":[{"start":{"line":30,"column":15},"end":{"line":30,"column":19}}],"line":30},"5":{"loc":{"start":{"line":31,"column":4},"end":{"line":31,"column":16}},"type":"default-arg","locations":[{"start":{"line":31,"column":14},"end":{"line":31,"column":16}}],"line":31},"6":{"loc":{"start":{"line":32,"column":4},"end":{"line":32,"column":18}},"type":"default-arg","locations":[{"start":{"line":32,"column":16},"end":{"line":32,"column":18}}],"line":32},"7":{"loc":{"start":{"line":33,"column":4},"end":{"line":33,"column":18}},"type":"default-arg","locations":[{"start":{"line":33,"column":16},"end":{"line":33,"column":18}}],"line":33},"8":{"loc":{"start":{"line":36,"column":22},"end":{"line":36,"column":85}},"type":"binary-expr","locations":[{"start":{"line":36,"column":22},"end":{"line":36,"column":29}},{"start":{"line":36,"column":33},"end":{"line":36,"column":66}},{"start":{"line":36,"column":70},"end":{"line":36,"column":79}},{"start":{"line":36,"column":83},"end":{"line":36,"column":85}}],"line":36},"9":{"loc":{"start":{"line":37,"column":29},"end":{"line":37,"column":76}},"type":"binary-expr","locations":[{"start":{"line":37,"column":29},"end":{"line":37,"column":57}},{"start":{"line":37,"column":61},"end":{"line":37,"column":70}},{"start":{"line":37,"column":74},"end":{"line":37,"column":76}}],"line":37},"10":{"loc":{"start":{"line":50,"column":16},"end":{"line":50,"column":45}},"type":"default-arg","locations":[{"start":{"line":50,"column":43},"end":{"line":50,"column":45}}],"line":50},"11":{"loc":{"start":{"line":50,"column":18},"end":{"line":50,"column":26}},"type":"default-arg","locations":[{"start":{"line":50,"column":25},"end":{"line":50,"column":26}}],"line":50},"12":{"loc":{"start":{"line":50,"column":28},"end":{"line":50,"column":38}},"type":"default-arg","locations":[{"start":{"line":50,"column":36},"end":{"line":50,"column":38}}],"line":50}},"s":{"0":0,"1":2,"2":2,"3":2,"4":0,"5":0,"6":0,"7":0,"8":0,"9":0},"f":{"0":0,"1":2,"2":0},"b":{"0":[0],"1":[0],"2":[0],"3":[0],"4":[0],"5":[0],"6":[2],"7":[2],"8":[2,2,2,2],"9":[2,2,2],"10":[0],"11":[0],"12":[0]},"inputSourceMap":null,"_coverageSchema":"1a1c01bbd47fc00a2c39e90264f33305004495a9","hash":"66a44b99f5e626b0ad41806cc7321f27d350842c"}
,"C:\\Users\\vishu\\OneDrive\\Desktop\\SoundWave\\backend\\services\\genreService.js": {"path":"C:\\Users\\vishu\\OneDrive\\Desktop\\SoundWave\\backend\\services\\genreService.js","statementMap":{"0":{"start":{"line":9,"column":20},"end":{"line":16,"column":1}},"1":{"start":{"line":10,"column":19},"end":{"line":10,"column":78}},"2":{"start":{"line":11,"column":2},"end":{"line":11,"column":82}},"3":{"start":{"line":11,"column":16},"end":{"line":11,"column":82}},"4":{"start":{"line":13,"column":16},"end":{"line":13,"column":83}},"5":{"start":{"line":14,"column":2},"end":{"line":14,"column":28}},"6":{"start":{"line":15,"column":2},"end":{"line":15,"column":15}},"7":{"start":{"line":18,"column":20},"end":{"line":29,"column":1}},"8":{"start":{"line":19,"column":16},"end":{"line":19,"column":45}},"9":{"start":{"line":20,"column":2},"end":{"line":20,"column":58}},"10":{"start":{"line":20,"column":14},"end":{"line":20,"column":58}},"11":{"start":{"line":22,"column":2},"end":{"line":22,"column":54}},"12":{"start":{"line":22,"column":31},"end":{"line":22,"column":54}},"13":{"start":{"line":23,"column":2},"end":{"line":23,"column":75}},"14":{"start":{"line":23,"column":38},"end":{"line":23,"column":75}},"15":{"start":{"line":24,"column":2},"end":{"line":24,"column":60}},"16":{"start":{"line":24,"column":33},"end":{"line":24,"column":60}},"17":{"start":{"line":26,"column":2},"end":{"line":26,"column":21}},"18":{"start":{"line":27,"column":2},"end":{"line":27,"column":28}},"19":{"start":{"line":28,"column":2},"end":{"line":28,"column":15}},"20":{"start":{"line":31,"column":20},"end":{"line":37,"column":1}},"21":{"start":{"line":32,"column":16},"end":{"line":32,"column":45}},"22":{"start":{"line":33,"column":2},"end":{"line":33,"column":58}},"23":{"start":{"line":33,"column":14},"end":{"line":33,"column":58}},"24":{"start":{"line":34,"column":2},"end":{"line":34,"column":26}},"25":{"start":{"line":35,"column":2},"end":{"line":35,"column":28}},"26":{"start":{"line":36,"column":2},"end":{"line":36,"column":21}},"27":{"start":{"line":39,"column":19},"end":{"line":42,"column":1}},"28":{"start":{"line":40,"column":17},"end":{"line":40,"column":68}},"29":{"start":{"line":41,"column":2},"end":{"line":41,"column":53}}},"fnMap":{"0":{"name":"(anonymous_0)","decl":{"start":{"line":9,"column":20},"end":{"line":9,"column":21}},"loc":{"start":{"line":9,"column":53},"end":{"line":16,"column":1}},"line":9},"1":{"name":"(anonymous_1)","decl":{"start":{"line":18,"column":20},"end":{"line":18,"column":21}},"loc":{"start":{"line":18,"column":49},"end":{"line":29,"column":1}},"line":18},"2":{"name":"(anonymous_2)","decl":{"start":{"line":31,"column":20},"end":{"line":31,"column":21}},"loc":{"start":{"line":31,"column":39},"end":{"line":37,"column":1}},"line":31},"3":{"name":"(anonymous_3)","decl":{"start":{"line":39,"column":19},"end":{"line":39,"column":20}},"loc":{"start":{"line":39,"column":57},"end":{"line":42,"column":1}},"line":39}},"branchMap":{"0":{"loc":{"start":{"line":11,"column":2},"end":{"line":11,"column":82}},"type":"if","locations":[{"start":{"line":11,"column":2},"end":{"line":11,"column":82}},{"start":{},"end":{}}],"line":11},"1":{"loc":{"start":{"line":20,"column":2},"end":{"line":20,"column":58}},"type":"if","locations":[{"start":{"line":20,"column":2},"end":{"line":20,"column":58}},{"start":{},"end":{}}],"line":20},"2":{"loc":{"start":{"line":22,"column":2},"end":{"line":22,"column":54}},"type":"if","locations":[{"start":{"line":22,"column":2},"end":{"line":22,"column":54}},{"start":{},"end":{}}],"line":22},"3":{"loc":{"start":{"line":23,"column":2},"end":{"line":23,"column":75}},"type":"if","locations":[{"start":{"line":23,"column":2},"end":{"line":23,"column":75}},{"start":{},"end":{}}],"line":23},"4":{"loc":{"start":{"line":24,"column":2},"end":{"line":24,"column":60}},"type":"if","locations":[{"start":{"line":24,"column":2},"end":{"line":24,"column":60}},{"start":{},"end":{}}],"line":24},"5":{"loc":{"start":{"line":33,"column":2},"end":{"line":33,"column":58}},"type":"if","locations":[{"start":{"line":33,"column":2},"end":{"line":33,"column":58}},{"start":{},"end":{}}],"line":33},"6":{"loc":{"start":{"line":39,"column":26},"end":{"line":39,"column":52}},"type":"default-arg","locations":[{"start":{"line":39,"column":50},"end":{"line":39,"column":52}}],"line":39},"7":{"loc":{"start":{"line":39,"column":28},"end":{"line":39,"column":45}},"type":"default-arg","locations":[{"start":{"line":39,"column":41},"end":{"line":39,"column":45}}],"line":39},"8":{"loc":{"start":{"line":40,"column":17},"end":{"line":40,"column":68}},"type":"cond-expr","locations":[{"start":{"line":40,"column":30},"end":{"line":40,"column":63}},{"start":{"line":40,"column":66},"end":{"line":40,"column":68}}],"line":40}},"s":{"0":1,"1":3,"2":3,"3":1,"4":2,"5":2,"6":2,"7":1,"8":0,"9":0,"10":0,"11":0,"12":0,"13":0,"14":0,"15":0,"16":0,"17":0,"18":0,"19":0,"20":1,"21":0,"22":0,"23":0,"24":0,"25":0,"26":0,"27":1,"28":1,"29":1},"f":{"0":3,"1":0,"2":0,"3":1},"b":{"0":[1,2],"1":[0,0],"2":[0,0],"3":[0,0],"4":[0,0],"5":[0,0],"6":[0],"7":[0],"8":[1,0]},"inputSourceMap":null,"_coverageSchema":"1a1c01bbd47fc00a2c39e90264f33305004495a9","hash":"f5911ea26ff1cbc63af5b5408014ba1938322962"}
,"C:\\Users\\vishu\\OneDrive\\Desktop\\SoundWave\\backend\\services\\notificationService.js": {"path":"C:\\Users\\vishu\\OneDrive\\Desktop\\SoundWave\\backend\\services\\notificationService.js","statementMap":{"0":{"start":{"line":13,"column":4},"end":{"line":21,"column":7}},"1":{"start":{"line":34,"column":23},"end":{"line":34,"column":40}},"2":{"start":{"line":35,"column":4},"end":{"line":37,"column":5}},"3":{"start":{"line":36,"column":6},"end":{"line":36,"column":18}},"4":{"start":{"line":39,"column":4},"end":{"line":47,"column":7}}},"fnMap":{"0":{"name":"(anonymous_0)","decl":{"start":{"line":4,"column":2},"end":{"line":4,"column":3}},"loc":{"start":{"line":12,"column":5},"end":{"line":22,"column":3}},"line":12},"1":{"name":"(anonymous_1)","decl":{"start":{"line":24,"column":2},"end":{"line":24,"column":3}},"loc":{"start":{"line":33,"column":5},"end":{"line":48,"column":3}},"line":33}},"branchMap":{"0":{"loc":{"start":{"line":8,"column":4},"end":{"line":8,"column":20}},"type":"default-arg","locations":[{"start":{"line":8,"column":11},"end":{"line":8,"column":20}}],"line":8},"1":{"loc":{"start":{"line":9,"column":4},"end":{"line":9,"column":13}},"type":"default-arg","locations":[{"start":{"line":9,"column":11},"end":{"line":9,"column":13}}],"line":9},"2":{"loc":{"start":{"line":10,"column":4},"end":{"line":10,"column":17}},"type":"default-arg","locations":[{"start":{"line":10,"column":13},"end":{"line":10,"column":17}}],"line":10},"3":{"loc":{"start":{"line":11,"column":4},"end":{"line":11,"column":23}},"type":"default-arg","locations":[{"start":{"line":11,"column":15},"end":{"line":11,"column":23}}],"line":11},"4":{"loc":{"start":{"line":29,"column":4},"end":{"line":29,"column":20}},"type":"default-arg","locations":[{"start":{"line":29,"column":11},"end":{"line":29,"column":20}}],"line":29},"5":{"loc":{"start":{"line":30,"column":4},"end":{"line":30,"column":13}},"type":"default-arg","locations":[{"start":{"line":30,"column":11},"end":{"line":30,"column":13}}],"line":30},"6":{"loc":{"start":{"line":31,"column":4},"end":{"line":31,"column":17}},"type":"default-arg","locations":[{"start":{"line":31,"column":13},"end":{"line":31,"column":17}}],"line":31},"7":{"loc":{"start":{"line":32,"column":4},"end":{"line":32,"column":23}},"type":"default-arg","locations":[{"start":{"line":32,"column":15},"end":{"line":32,"column":23}}],"line":32},"8":{"loc":{"start":{"line":34,"column":23},"end":{"line":34,"column":40}},"type":"binary-expr","locations":[{"start":{"line":34,"column":23},"end":{"line":34,"column":27}},{"start":{"line":34,"column":31},"end":{"line":34,"column":40}}],"line":34},"9":{"loc":{"start":{"line":35,"column":4},"end":{"line":37,"column":5}},"type":"if","locations":[{"start":{"line":35,"column":4},"end":{"line":37,"column":5}},{"start":{},"end":{}}],"line":35}},"s":{"0":0,"1":2,"2":2,"3":0,"4":2},"f":{"0":0,"1":2},"b":{"0":[0],"1":[0],"2":[0],"3":[0],"4":[0],"5":[0],"6":[2],"7":[2],"8":[2,0],"9":[0,2]},"inputSourceMap":null,"_coverageSchema":"1a1c01bbd47fc00a2c39e90264f33305004495a9","hash":"fe6831879dacc7edb6353d363df64178ee72f772"}
,"C:\\Users\\vishu\\OneDrive\\Desktop\\SoundWave\\backend\\services\\songApprovalService.js": {"path":"C:\\Users\\vishu\\OneDrive\\Desktop\\SoundWave\\backend\\services\\songApprovalService.js","statementMap":{"0":{"start":{"line":17,"column":32},"end":{"line":25,"column":1}},"1":{"start":{"line":18,"column":18},"end":{"line":18,"column":62}},"2":{"start":{"line":19,"column":2},"end":{"line":24,"column":3}},"3":{"start":{"line":20,"column":4},"end":{"line":23,"column":6}},"4":{"start":{"line":27,"column":24},"end":{"line":33,"column":1}},"5":{"start":{"line":28,"column":15},"end":{"line":28,"column":82}},"6":{"start":{"line":29,"column":2},"end":{"line":31,"column":3}},"7":{"start":{"line":30,"column":4},"end":{"line":30,"column":47}},"8":{"start":{"line":32,"column":2},"end":{"line":32,"column":14}},"9":{"start":{"line":40,"column":26},"end":{"line":62,"column":1}},"10":{"start":{"line":41,"column":32},"end":{"line":41,"column":58}},"11":{"start":{"line":43,"column":17},"end":{"line":43,"column":19}},"12":{"start":{"line":44,"column":2},"end":{"line":44,"column":37}},"13":{"start":{"line":44,"column":14},"end":{"line":44,"column":37}},"14":{"start":{"line":45,"column":2},"end":{"line":47,"column":3}},"15":{"start":{"line":46,"column":4},"end":{"line":46,"column":39}},"16":{"start":{"line":49,"column":25},"end":{"line":59,"column":4}},"17":{"start":{"line":61,"column":2},"end":{"line":61,"column":61}},"18":{"start":{"line":68,"column":20},"end":{"line":99,"column":1}},"19":{"start":{"line":69,"column":15},"end":{"line":69,"column":44}},"20":{"start":{"line":70,"column":2},"end":{"line":70,"column":61}},"21":{"start":{"line":72,"column":2},"end":{"line":72,"column":37}},"22":{"start":{"line":73,"column":2},"end":{"line":73,"column":28}},"23":{"start":{"line":74,"column":2},"end":{"line":74,"column":31}},"24":{"start":{"line":75,"column":2},"end":{"line":75,"column":28}},"25":{"start":{"line":76,"column":2},"end":{"line":76,"column":31}},"26":{"start":{"line":77,"column":2},"end":{"line":77,"column":29}},"27":{"start":{"line":78,"column":2},"end":{"line":78,"column":28}},"28":{"start":{"line":79,"column":2},"end":{"line":79,"column":20}},"29":{"start":{"line":81,"column":2},"end":{"line":88,"column":5}},"30":{"start":{"line":90,"column":2},"end":{"line":96,"column":5}},"31":{"start":{"line":98,"column":2},"end":{"line":98,"column":14}},"32":{"start":{"line":105,"column":19},"end":{"line":133,"column":1}},"33":{"start":{"line":106,"column":15},"end":{"line":106,"column":44}},"34":{"start":{"line":107,"column":2},"end":{"line":107,"column":61}},"35":{"start":{"line":109,"column":2},"end":{"line":109,"column":37}},"36":{"start":{"line":110,"column":2},"end":{"line":110,"column":31}},"37":{"start":{"line":111,"column":2},"end":{"line":111,"column":28}},"38":{"start":{"line":112,"column":2},"end":{"line":112,"column":31}},"39":{"start":{"line":113,"column":2},"end":{"line":113,"column":20}},"40":{"start":{"line":115,"column":2},"end":{"line":122,"column":5}},"41":{"start":{"line":124,"column":2},"end":{"line":130,"column":5}},"42":{"start":{"line":132,"column":2},"end":{"line":132,"column":14}},"43":{"start":{"line":140,"column":18},"end":{"line":168,"column":1}},"44":{"start":{"line":141,"column":15},"end":{"line":141,"column":44}},"45":{"start":{"line":142,"column":2},"end":{"line":142,"column":60}},"46":{"start":{"line":144,"column":2},"end":{"line":144,"column":36}},"47":{"start":{"line":145,"column":2},"end":{"line":145,"column":30}},"48":{"start":{"line":146,"column":2},"end":{"line":146,"column":28}},"49":{"start":{"line":147,"column":2},"end":{"line":147,"column":31}},"50":{"start":{"line":148,"column":2},"end":{"line":148,"column":20}},"51":{"start":{"line":150,"column":2},"end":{"line":157,"column":5}},"52":{"start":{"line":159,"column":2},"end":{"line":165,"column":5}},"53":{"start":{"line":167,"column":2},"end":{"line":167,"column":14}},"54":{"start":{"line":174,"column":20},"end":{"line":202,"column":1}},"55":{"start":{"line":175,"column":15},"end":{"line":175,"column":44}},"56":{"start":{"line":176,"column":2},"end":{"line":176,"column":60}},"57":{"start":{"line":178,"column":2},"end":{"line":178,"column":36}},"58":{"start":{"line":179,"column":2},"end":{"line":179,"column":28}},"59":{"start":{"line":180,"column":2},"end":{"line":180,"column":28}},"60":{"start":{"line":181,"column":2},"end":{"line":181,"column":31}},"61":{"start":{"line":182,"column":2},"end":{"line":182,"column":20}},"62":{"start":{"line":184,"column":2},"end":{"line":191,"column":5}},"63":{"start":{"line":193,"column":2},"end":{"line":199,"column":5}},"64":{"start":{"line":201,"column":2},"end":{"line":201,"column":14}},"65":{"start":{"line":208,"column":25},"end":{"line":228,"column":1}},"66":{"start":{"line":209,"column":18},"end":{"line":211,"column":4}},"67":{"start":{"line":213,"column":16},"end":{"line":219,"column":3}},"68":{"start":{"line":221,"column":2},"end":{"line":223,"column":5}},"69":{"start":{"line":222,"column":4},"end":{"line":222,"column":41}},"70":{"start":{"line":222,"column":22},"end":{"line":222,"column":41}},"71":{"start":{"line":225,"column":2},"end":{"line":225,"column":68}},"72":{"start":{"line":225,"column":56},"end":{"line":225,"column":63}},"73":{"start":{"line":227,"column":2},"end":{"line":227,"column":15}}},"fnMap":{"0":{"name":"(anonymous_0)","decl":{"start":{"line":17,"column":32},"end":{"line":17,"column":33}},"loc":{"start":{"line":17,"column":63},"end":{"line":25,"column":1}},"line":17},"1":{"name":"(anonymous_1)","decl":{"start":{"line":27,"column":24},"end":{"line":27,"column":25}},"loc":{"start":{"line":27,"column":42},"end":{"line":33,"column":1}},"line":27},"2":{"name":"(anonymous_2)","decl":{"start":{"line":40,"column":26},"end":{"line":40,"column":27}},"loc":{"start":{"line":40,"column":63},"end":{"line":62,"column":1}},"line":40},"3":{"name":"(anonymous_3)","decl":{"start":{"line":68,"column":20},"end":{"line":68,"column":21}},"loc":{"start":{"line":68,"column":62},"end":{"line":99,"column":1}},"line":68},"4":{"name":"(anonymous_4)","decl":{"start":{"line":105,"column":19},"end":{"line":105,"column":20}},"loc":{"start":{"line":105,"column":63},"end":{"line":133,"column":1}},"line":105},"5":{"name":"(anonymous_5)","decl":{"start":{"line":140,"column":18},"end":{"line":140,"column":19}},"loc":{"start":{"line":140,"column":62},"end":{"line":168,"column":1}},"line":140},"6":{"name":"(anonymous_6)","decl":{"start":{"line":174,"column":20},"end":{"line":174,"column":21}},"loc":{"start":{"line":174,"column":56},"end":{"line":202,"column":1}},"line":174},"7":{"name":"(anonymous_7)","decl":{"start":{"line":208,"column":25},"end":{"line":208,"column":26}},"loc":{"start":{"line":208,"column":37},"end":{"line":228,"column":1}},"line":208},"8":{"name":"(anonymous_8)","decl":{"start":{"line":221,"column":18},"end":{"line":221,"column":19}},"loc":{"start":{"line":221,"column":38},"end":{"line":223,"column":3}},"line":221},"9":{"name":"(anonymous_9)","decl":{"start":{"line":225,"column":44},"end":{"line":225,"column":45}},"loc":{"start":{"line":225,"column":56},"end":{"line":225,"column":63}},"line":225}},"branchMap":{"0":{"loc":{"start":{"line":18,"column":18},"end":{"line":18,"column":62}},"type":"binary-expr","locations":[{"start":{"line":18,"column":18},"end":{"line":18,"column":56}},{"start":{"line":18,"column":60},"end":{"line":18,"column":62}}],"line":18},"1":{"loc":{"start":{"line":19,"column":2},"end":{"line":24,"column":3}},"type":"if","locations":[{"start":{"line":19,"column":2},"end":{"line":24,"column":3}},{"start":{},"end":{}}],"line":19},"2":{"loc":{"start":{"line":29,"column":2},"end":{"line":31,"column":3}},"type":"if","locations":[{"start":{"line":29,"column":2},"end":{"line":31,"column":3}},{"start":{},"end":{}}],"line":29},"3":{"loc":{"start":{"line":44,"column":2},"end":{"line":44,"column":37}},"type":"if","locations":[{"start":{"line":44,"column":2},"end":{"line":44,"column":37}},{"start":{},"end":{}}],"line":44},"4":{"loc":{"start":{"line":45,"column":2},"end":{"line":47,"column":3}},"type":"if","locations":[{"start":{"line":45,"column":2},"end":{"line":47,"column":3}},{"start":{},"end":{}}],"line":45},"5":{"loc":{"start":{"line":86,"column":21},"end":{"line":86,"column":33}},"type":"binary-expr","locations":[{"start":{"line":86,"column":21},"end":{"line":86,"column":25}},{"start":{"line":86,"column":29},"end":{"line":86,"column":33}}],"line":86},"6":{"loc":{"start":{"line":222,"column":4},"end":{"line":222,"column":41}},"type":"if","locations":[{"start":{"line":222,"column":4},"end":{"line":222,"column":41}},{"start":{},"end":{}}],"line":222}},"s":{"0":1,"1":3,"2":3,"3":1,"4":1,"5":4,"6":4,"7":1,"8":3,"9":1,"10":0,"11":0,"12":0,"13":0,"14":0,"15":0,"16":0,"17":0,"18":1,"19":3,"20":2,"21":1,"22":1,"23":1,"24":1,"25":1,"26":1,"27":1,"28":1,"29":1,"30":1,"31":1,"32":1,"33":1,"34":1,"35":1,"36":1,"37":1,"38":1,"39":1,"40":1,"41":1,"42":1,"43":1,"44":0,"45":0,"46":0,"47":0,"48":0,"49":0,"50":0,"51":0,"52":0,"53":0,"54":1,"55":0,"56":0,"57":0,"58":0,"59":0,"60":0,"61":0,"62":0,"63":0,"64":0,"65":1,"66":0,"67":0,"68":0,"69":0,"70":0,"71":0,"72":0,"73":0},"f":{"0":3,"1":4,"2":0,"3":3,"4":1,"5":0,"6":0,"7":0,"8":0,"9":0},"b":{"0":[3,0],"1":[1,2],"2":[1,3],"3":[0,0],"4":[0,0],"5":[1,0],"6":[0,0]},"inputSourceMap":null,"_coverageSchema":"1a1c01bbd47fc00a2c39e90264f33305004495a9","hash":"cae7e3d6414c0fa810c9bff0324d42d8619234c3"}
,"C:\\Users\\vishu\\OneDrive\\Desktop\\SoundWave\\backend\\tests\\setupTestDB.js": {"path":"C:\\Users\\vishu\\OneDrive\\Desktop\\SoundWave\\backend\\tests\\setupTestDB.js","statementMap":{"0":{"start":{"line":5,"column":25},"end":{"line":5,"column":76}},"1":{"start":{"line":7,"column":19},"end":{"line":15,"column":1}},"2":{"start":{"line":8,"column":2},"end":{"line":8,"column":68}},"3":{"start":{"line":8,"column":34},"end":{"line":8,"column":68}},"4":{"start":{"line":10,"column":2},"end":{"line":12,"column":3}},"5":{"start":{"line":11,"column":4},"end":{"line":11,"column":53}},"6":{"start":{"line":14,"column":2},"end":{"line":14,"column":71}},"7":{"start":{"line":17,"column":29},"end":{"line":19,"column":1}},"8":{"start":{"line":18,"column":2},"end":{"line":18,"column":39}},"9":{"start":{"line":21,"column":32},"end":{"line":24,"column":1}},"10":{"start":{"line":22,"column":2},"end":{"line":22,"column":43}},"11":{"start":{"line":23,"column":2},"end":{"line":23,"column":30}},"12":{"start":{"line":26,"column":27},"end":{"line":34,"column":1}},"13":{"start":{"line":27,"column":22},"end":{"line":27,"column":53}},"14":{"start":{"line":29,"column":2},"end":{"line":33,"column":4}},"15":{"start":{"line":31,"column":6},"end":{"line":31,"column":31}}},"fnMap":{"0":{"name":"(anonymous_0)","decl":{"start":{"line":7,"column":19},"end":{"line":7,"column":20}},"loc":{"start":{"line":7,"column":25},"end":{"line":15,"column":1}},"line":7},"1":{"name":"(anonymous_1)","decl":{"start":{"line":17,"column":29},"end":{"line":17,"column":30}},"loc":{"start":{"line":17,"column":41},"end":{"line":19,"column":1}},"line":17},"2":{"name":"(anonymous_2)","decl":{"start":{"line":21,"column":32},"end":{"line":21,"column":33}},"loc":{"start":{"line":21,"column":44},"end":{"line":24,"column":1}},"line":21},"3":{"name":"(anonymous_3)","decl":{"start":{"line":26,"column":27},"end":{"line":26,"column":28}},"loc":{"start":{"line":26,"column":39},"end":{"line":34,"column":1}},"line":26},"4":{"name":"(anonymous_4)","decl":{"start":{"line":30,"column":35},"end":{"line":30,"column":36}},"loc":{"start":{"line":31,"column":6},"end":{"line":31,"column":31}},"line":31}},"branchMap":{"0":{"loc":{"start":{"line":8,"column":2},"end":{"line":8,"column":68}},"type":"if","locations":[{"start":{"line":8,"column":2},"end":{"line":8,"column":68}},{"start":{},"end":{}}],"line":8},"1":{"loc":{"start":{"line":10,"column":2},"end":{"line":12,"column":3}},"type":"if","locations":[{"start":{"line":10,"column":2},"end":{"line":12,"column":3}},{"start":{},"end":{}}],"line":10}},"s":{"0":2,"1":2,"2":2,"3":2,"4":0,"5":0,"6":0,"7":2,"8":2,"9":2,"10":2,"11":2,"12":2,"13":10,"14":10,"15":28},"f":{"0":2,"1":2,"2":2,"3":10,"4":28},"b":{"0":[2,0],"1":[0,0]},"inputSourceMap":null,"_coverageSchema":"1a1c01bbd47fc00a2c39e90264f33305004495a9","hash":"29d745e53cb1d630729861e6ce2801b50512aae5"}
,"C:\\Users\\vishu\\OneDrive\\Desktop\\SoundWave\\backend\\tests\\testApp.js": {"path":"C:\\Users\\vishu\\OneDrive\\Desktop\\SoundWave\\backend\\tests\\testApp.js","statementMap":{"0":{"start":{"line":12,"column":28},"end":{"line":33,"column":1}},"1":{"start":{"line":13,"column":14},"end":{"line":13,"column":23}},"2":{"start":{"line":14,"column":2},"end":{"line":14,"column":26}},"3":{"start":{"line":16,"column":2},"end":{"line":18,"column":5}},"4":{"start":{"line":17,"column":4},"end":{"line":17,"column":31}},"5":{"start":{"line":23,"column":2},"end":{"line":30,"column":5}},"6":{"start":{"line":24,"column":23},"end":{"line":24,"column":44}},"7":{"start":{"line":25,"column":4},"end":{"line":29,"column":7}},"8":{"start":{"line":32,"column":2},"end":{"line":32,"column":13}},"9":{"start":{"line":39,"column":29},"end":{"line":46,"column":3}},"10":{"start":{"line":40,"column":2},"end":{"line":46,"column":3}}},"fnMap":{"0":{"name":"(anonymous_0)","decl":{"start":{"line":12,"column":28},"end":{"line":12,"column":29}},"loc":{"start":{"line":12,"column":46},"end":{"line":33,"column":1}},"line":12},"1":{"name":"(anonymous_1)","decl":{"start":{"line":16,"column":34},"end":{"line":16,"column":35}},"loc":{"start":{"line":16,"column":59},"end":{"line":18,"column":3}},"line":16},"2":{"name":"(anonymous_2)","decl":{"start":{"line":23,"column":10},"end":{"line":23,"column":11}},"loc":{"start":{"line":23,"column":37},"end":{"line":30,"column":3}},"line":23},"3":{"name":"(anonymous_3)","decl":{"start":{"line":39,"column":29},"end":{"line":39,"column":30}},"loc":{"start":{"line":40,"column":2},"end":{"line":46,"column":3}},"line":40}},"branchMap":{"0":{"loc":{"start":{"line":12,"column":29},"end":{"line":12,"column":41}},"type":"default-arg","locations":[{"start":{"line":12,"column":39},"end":{"line":12,"column":41}}],"line":12},"1":{"loc":{"start":{"line":24,"column":23},"end":{"line":24,"column":44}},"type":"binary-expr","locations":[{"start":{"line":24,"column":23},"end":{"line":24,"column":37}},{"start":{"line":24,"column":41},"end":{"line":24,"column":44}}],"line":24},"2":{"loc":{"start":{"line":27,"column":15},"end":{"line":27,"column":54}},"type":"binary-expr","locations":[{"start":{"line":27,"column":15},"end":{"line":27,"column":26}},{"start":{"line":27,"column":30},"end":{"line":27,"column":54}}],"line":27},"3":{"loc":{"start":{"line":28,"column":14},"end":{"line":28,"column":30}},"type":"binary-expr","locations":[{"start":{"line":28,"column":14},"end":{"line":28,"column":24}},{"start":{"line":28,"column":28},"end":{"line":28,"column":30}}],"line":28}},"s":{"0":1,"1":1,"2":1,"3":1,"4":1,"5":1,"6":3,"7":3,"8":1,"9":1,"10":4},"f":{"0":1,"1":1,"2":3,"3":4},"b":{"0":[0],"1":[3,0],"2":[3,0],"3":[3,3]},"inputSourceMap":null,"_coverageSchema":"1a1c01bbd47fc00a2c39e90264f33305004495a9","hash":"ed77aa9374ba74f5824ebda466f56632f04836ca"}
,"C:\\Users\\vishu\\OneDrive\\Desktop\\SoundWave\\backend\\utils\\ApiError.js": {"path":"C:\\Users\\vishu\\OneDrive\\Desktop\\SoundWave\\backend\\utils\\ApiError.js","statementMap":{"0":{"start":{"line":3,"column":4},"end":{"line":3,"column":19}},"1":{"start":{"line":5,"column":4},"end":{"line":5,"column":25}},"2":{"start":{"line":6,"column":4},"end":{"line":6,"column":33}},"3":{"start":{"line":7,"column":4},"end":{"line":7,"column":27}},"4":{"start":{"line":9,"column":4},"end":{"line":9,"column":52}}},"fnMap":{"0":{"name":"(anonymous_0)","decl":{"start":{"line":2,"column":2},"end":{"line":2,"column":3}},"loc":{"start":{"line":2,"column":35},"end":{"line":10,"column":3}},"line":2}},"branchMap":{},"s":{"0":5,"1":5,"2":5,"3":5,"4":5},"f":{"0":5},"b":{},"inputSourceMap":null,"_coverageSchema":"1a1c01bbd47fc00a2c39e90264f33305004495a9","hash":"b187540a4f37190b03dd891283cf72e206bf69e8"}
,"C:\\Users\\vishu\\OneDrive\\Desktop\\SoundWave\\backend\\utils\\ApiResponse.js": {"path":"C:\\Users\\vishu\\OneDrive\\Desktop\\SoundWave\\backend\\utils\\ApiResponse.js","statementMap":{"0":{"start":{"line":7,"column":4},"end":{"line":7,"column":24}},"1":{"start":{"line":8,"column":4},"end":{"line":8,"column":33}},"2":{"start":{"line":9,"column":4},"end":{"line":9,"column":27}},"3":{"start":{"line":10,"column":4},"end":{"line":10,"column":21}}},"fnMap":{"0":{"name":"(anonymous_0)","decl":{"start":{"line":2,"column":2},"end":{"line":2,"column":3}},"loc":{"start":{"line":6,"column":4},"end":{"line":11,"column":3}},"line":6}},"branchMap":{"0":{"loc":{"start":{"line":3,"column":4},"end":{"line":3,"column":20}},"type":"default-arg","locations":[{"start":{"line":3,"column":17},"end":{"line":3,"column":20}}],"line":3},"1":{"loc":{"start":{"line":4,"column":4},"end":{"line":4,"column":23}},"type":"default-arg","locations":[{"start":{"line":4,"column":14},"end":{"line":4,"column":23}}],"line":4},"2":{"loc":{"start":{"line":5,"column":4},"end":{"line":5,"column":15}},"type":"default-arg","locations":[{"start":{"line":5,"column":11},"end":{"line":5,"column":15}}],"line":5}},"s":{"0":3,"1":3,"2":3,"3":3},"f":{"0":3},"b":{"0":[0],"1":[0],"2":[0]},"inputSourceMap":null,"_coverageSchema":"1a1c01bbd47fc00a2c39e90264f33305004495a9","hash":"af41575eb3427f7065c438580762be2c973b7fee"}
,"C:\\Users\\vishu\\OneDrive\\Desktop\\SoundWave\\backend\\utils\\asyncHandler.js": {"path":"C:\\Users\\vishu\\OneDrive\\Desktop\\SoundWave\\backend\\utils\\asyncHandler.js","statementMap":{"0":{"start":{"line":1,"column":21},"end":{"line":5,"column":1}},"1":{"start":{"line":2,"column":2},"end":{"line":4,"column":4}},"2":{"start":{"line":3,"column":4},"end":{"line":3,"column":57}}},"fnMap":{"0":{"name":"(anonymous_0)","decl":{"start":{"line":1,"column":21},"end":{"line":1,"column":22}},"loc":{"start":{"line":1,"column":34},"end":{"line":5,"column":1}},"line":1},"1":{"name":"(anonymous_1)","decl":{"start":{"line":2,"column":9},"end":{"line":2,"column":10}},"loc":{"start":{"line":2,"column":29},"end":{"line":4,"column":3}},"line":2}},"branchMap":{},"s":{"0":1,"1":4,"2":4},"f":{"0":4,"1":4},"b":{},"inputSourceMap":null,"_coverageSchema":"1a1c01bbd47fc00a2c39e90264f33305004495a9","hash":"91828eb2d4aee042b1ffdc938832941b19427145"}
,"C:\\Users\\vishu\\OneDrive\\Desktop\\SoundWave\\backend\\utils\\pagination.js": {"path":"C:\\Users\\vishu\\OneDrive\\Desktop\\SoundWave\\backend\\utils\\pagination.js","statementMap":{"0":{"start":{"line":3,"column":22},"end":{"line":3,"column":24}},"1":{"start":{"line":4,"column":18},"end":{"line":4,"column":21}},"2":{"start":{"line":10,"column":35},"end":{"line":21,"column":1}},"3":{"start":{"line":11,"column":13},"end":{"line":11,"column":37}},"4":{"start":{"line":12,"column":14},"end":{"line":12,"column":39}},"5":{"start":{"line":14,"column":2},"end":{"line":14,"column":52}},"6":{"start":{"line":14,"column":43},"end":{"line":14,"column":52}},"7":{"start":{"line":15,"column":2},"end":{"line":15,"column":67}},"8":{"start":{"line":15,"column":45},"end":{"line":15,"column":67}},"9":{"start":{"line":16,"column":2},"end":{"line":16,"column":43}},"10":{"start":{"line":16,"column":25},"end":{"line":16,"column":43}},"11":{"start":{"line":18,"column":15},"end":{"line":18,"column":33}},"12":{"start":{"line":20,"column":2},"end":{"line":20,"column":31}},"13":{"start":{"line":26,"column":36},"end":{"line":32,"column":2}},"14":{"start":{"line":26,"column":72},"end":{"line":32,"column":1}}},"fnMap":{"0":{"name":"(anonymous_0)","decl":{"start":{"line":10,"column":35},"end":{"line":10,"column":36}},"loc":{"start":{"line":10,"column":46},"end":{"line":21,"column":1}},"line":10},"1":{"name":"(anonymous_1)","decl":{"start":{"line":26,"column":36},"end":{"line":26,"column":37}},"loc":{"start":{"line":26,"column":72},"end":{"line":32,"column":1}},"line":26}},"branchMap":{"0":{"loc":{"start":{"line":14,"column":2},"end":{"line":14,"column":52}},"type":"if","locations":[{"start":{"line":14,"column":2},"end":{"line":14,"column":52}},{"start":{},"end":{}}],"line":14},"1":{"loc":{"start":{"line":14,"column":6},"end":{"line":14,"column":41}},"type":"binary-expr","locations":[{"start":{"line":14,"column":6},"end":{"line":14,"column":29}},{"start":{"line":14,"column":33},"end":{"line":14,"column":41}}],"line":14},"2":{"loc":{"start":{"line":15,"column":2},"end":{"line":15,"column":67}},"type":"if","locations":[{"start":{"line":15,"column":2},"end":{"line":15,"column":67}},{"start":{},"end":{}}],"line":15},"3":{"loc":{"start":{"line":15,"column":6},"end":{"line":15,"column":43}},"type":"binary-expr","locations":[{"start":{"line":15,"column":6},"end":{"line":15,"column":30}},{"start":{"line":15,"column":34},"end":{"line":15,"column":43}}],"line":15},"4":{"loc":{"start":{"line":16,"column":2},"end":{"line":16,"column":43}},"type":"if","locations":[{"start":{"line":16,"column":2},"end":{"line":16,"column":43}},{"start":{},"end":{}}],"line":16},"5":{"loc":{"start":{"line":31,"column":14},"end":{"line":31,"column":43}},"type":"binary-expr","locations":[{"start":{"line":31,"column":14},"end":{"line":31,"column":38}},{"start":{"line":31,"column":42},"end":{"line":31,"column":43}}],"line":31}},"s":{"0":1,"1":1,"2":1,"3":0,"4":0,"5":0,"6":0,"7":0,"8":0,"9":0,"10":0,"11":0,"12":0,"13":1,"14":0},"f":{"0":0,"1":0},"b":{"0":[0,0],"1":[0,0],"2":[0,0],"3":[0,0],"4":[0,0],"5":[0,0]},"inputSourceMap":null,"_coverageSchema":"1a1c01bbd47fc00a2c39e90264f33305004495a9","hash":"5cd89a54b14b35abcbaac5ebe1a5096131867995"}
,"C:\\Users\\vishu\\OneDrive\\Desktop\\SoundWave\\backend\\utils\\slugGenerator.js": {"path":"C:\\Users\\vishu\\OneDrive\\Desktop\\SoundWave\\backend\\utils\\slugGenerator.js","statementMap":{"0":{"start":{"line":9,"column":21},"end":{"line":18,"column":1}},"1":{"start":{"line":10,"column":15},"end":{"line":14,"column":28}},"2":{"start":{"line":16,"column":17},"end":{"line":16,"column":54}},"3":{"start":{"line":17,"column":2},"end":{"line":17,"column":29}}},"fnMap":{"0":{"name":"(anonymous_0)","decl":{"start":{"line":9,"column":21},"end":{"line":9,"column":22}},"loc":{"start":{"line":9,"column":32},"end":{"line":18,"column":1}},"line":9}},"branchMap":{},"s":{"0":1,"1":2,"2":2,"3":2},"f":{"0":2},"b":{},"inputSourceMap":null,"_coverageSchema":"1a1c01bbd47fc00a2c39e90264f33305004495a9","hash":"44888db3be33b6891d6b0a97e5a8205204013f18"}
,"C:\\Users\\vishu\\OneDrive\\Desktop\\SoundWave\\backend\\validators\\commonValidators.js": {"path":"C:\\Users\\vishu\\OneDrive\\Desktop\\SoundWave\\backend\\validators\\commonValidators.js","statementMap":{"0":{"start":{"line":4,"column":31},"end":{"line":10,"column":1}},"1":{"start":{"line":5,"column":2},"end":{"line":7,"column":3}},"2":{"start":{"line":6,"column":4},"end":{"line":6,"column":17}},"3":{"start":{"line":9,"column":2},"end":{"line":9,"column":48}},"4":{"start":{"line":12,"column":31},"end":{"line":21,"column":1}}},"fnMap":{"0":{"name":"(anonymous_0)","decl":{"start":{"line":4,"column":31},"end":{"line":4,"column":32}},"loc":{"start":{"line":4,"column":42},"end":{"line":10,"column":1}},"line":4}},"branchMap":{"0":{"loc":{"start":{"line":5,"column":2},"end":{"line":7,"column":3}},"type":"if","locations":[{"start":{"line":5,"column":2},"end":{"line":7,"column":3}},{"start":{},"end":{}}],"line":5},"1":{"loc":{"start":{"line":5,"column":6},"end":{"line":5,"column":41}},"type":"binary-expr","locations":[{"start":{"line":5,"column":6},"end":{"line":5,"column":31}},{"start":{"line":5,"column":35},"end":{"line":5,"column":41}}],"line":5}},"s":{"0":1,"1":0,"2":0,"3":0,"4":1},"f":{"0":0},"b":{"0":[0,0],"1":[0,0]},"inputSourceMap":null,"_coverageSchema":"1a1c01bbd47fc00a2c39e90264f33305004495a9","hash":"1b4af76f73cf1c1bdf88961ccf640593e14c8313"}
,"C:\\Users\\vishu\\OneDrive\\Desktop\\SoundWave\\backend\\validators\\genreValidator.js": {"path":"C:\\Users\\vishu\\OneDrive\\Desktop\\SoundWave\\backend\\validators\\genreValidator.js","statementMap":{"0":{"start":{"line":7,"column":37},"end":{"line":9,"column":1}},"1":{"start":{"line":11,"column":36},"end":{"line":19,"column":1}},"2":{"start":{"line":21,"column":36},"end":{"line":26,"column":1}}},"fnMap":{},"branchMap":{},"s":{"0":1,"1":1,"2":1},"f":{},"b":{},"inputSourceMap":null,"_coverageSchema":"1a1c01bbd47fc00a2c39e90264f33305004495a9","hash":"a20555f7f8a3c67ce2f8dc1c44e2ebb7d7173bf7"}
}
