TN:
SF:config\jwt.js
FN:3,(anonymous_0)
FNF:1
FNH:1
FNDA:2,(anonymous_0)
DA:3,1
DA:4,2
DA:6,2
DA:7,0
DA:10,2
DA:13,1
LF:6
LH:5
BRDA:6,0,0,0
BRDA:6,0,1,2
BRDA:16,1,0,1
BRDA:16,1,1,0
BRDA:21,2,0,1
BRDA:21,2,1,0
BRF:6
BRH:3
end_of_record
TN:
SF:config\security.js
FN:70,(anonymous_0)
FN:73,(anonymous_1)
FN:95,(anonymous_2)
FNF:3
FNH:0
FNDA:0,(anonymous_0)
FNDA:0,(anonymous_1)
FNDA:0,(anonymous_2)
DA:7,1
DA:71,0
DA:73,0
DA:76,0
DA:77,0
DA:78,0
DA:81,0
DA:96,0
DA:97,0
DA:102,1
DA:103,1
DA:104,1
DA:105,1
DA:106,1
DA:107,1
DA:108,1
DA:109,1
LF:17
LH:9
BRDA:71,0,0,0
BRDA:71,0,1,0
BRDA:76,1,0,0
BRDA:76,1,1,0
BRDA:76,2,0,0
BRDA:76,2,1,0
BRDA:96,3,0,0
BRDA:96,3,1,0
BRDA:96,4,0,0
BRDA:96,4,1,0
BRF:10
BRH:0
end_of_record
TN:
SF:constants\auditActions.js
FNF:0
FNH:0
DA:3,1
DA:11,1
DA:17,1
DA:32,1
DA:39,1
DA:40,1
LF:6
LH:6
BRF:0
BRH:0
end_of_record
TN:
SF:constants\contentStatus.js
FNF:0
FNH:0
DA:3,1
DA:10,1
LF:2
LH:2
BRF:0
BRH:0
end_of_record
TN:
SF:constants\roles.js
FNF:0
FNH:0
DA:1,2
DA:8,2
LF:2
LH:2
BRF:0
BRH:0
end_of_record
TN:
SF:constants\songStatus.js
FNF:0
FNH:0
DA:3,1
DA:11,1
DA:13,1
DA:19,1
DA:21,1
DA:22,1
DA:26,1
LF:7
LH:7
BRF:0
BRH:0
end_of_record
TN:
SF:constants\status.js
FNF:0
FNH:0
DA:1,2
DA:7,2
LF:2
LH:2
BRF:0
BRH:0
end_of_record
TN:
SF:controllers\genreController.js
FN:7,(anonymous_0)
FN:12,(anonymous_1)
FN:17,(anonymous_2)
FN:22,(anonymous_3)
FNF:4
FNH:2
FNDA:3,(anonymous_0)
FNDA:0,(anonymous_1)
FNDA:0,(anonymous_2)
FNDA:1,(anonymous_3)
DA:7,1
DA:8,3
DA:9,2
DA:12,1
DA:13,0
DA:14,0
DA:17,1
DA:18,0
DA:19,0
DA:22,1
DA:23,1
DA:27,1
LF:12
LH:8
BRF:0
BRH:0
end_of_record
TN:
SF:middleware\authMiddleware.js
FN:7,(anonymous_0)
FNF:1
FNH:1
FNDA:6,(anonymous_0)
DA:7,1
DA:8,6
DA:9,6
DA:11,6
DA:12,1
DA:15,5
DA:17,5
DA:18,0
DA:21,5
DA:23,5
DA:24,0
DA:27,5
DA:29,5
DA:30,0
DA:33,5
DA:34,0
DA:37,5
DA:38,5
DA:40,1
DA:41,0
DA:44,1
DA:45,0
DA:48,1
LF:23
LH:17
BRDA:11,0,0,1
BRDA:11,0,1,5
BRDA:11,1,0,6
BRDA:11,1,1,5
BRDA:17,2,0,0
BRDA:17,2,1,5
BRDA:23,3,0,0
BRDA:23,3,1,5
BRDA:23,4,0,5
BRDA:23,4,1,5
BRDA:29,5,0,0
BRDA:29,5,1,5
BRDA:33,6,0,0
BRDA:33,6,1,5
BRDA:40,7,0,0
BRDA:40,7,1,1
BRDA:44,8,0,0
BRDA:44,8,1,1
BRF:18
BRH:12
end_of_record
TN:
SF:middleware\cacheMiddleware.js
FN:12,(anonymous_0)
FN:21,(anonymous_1)
FN:21,(anonymous_2)
FN:30,(anonymous_3)
FN:45,(anonymous_4)
FN:55,(anonymous_5)
FNF:6
FNH:6
FNDA:1,(anonymous_0)
FNDA:1,(anonymous_1)
FNDA:1,(anonymous_2)
FNDA:1,(anonymous_3)
FNDA:2,(anonymous_4)
FNDA:6,(anonymous_5)
DA:10,1
DA:12,1
DA:21,1
DA:22,1
DA:23,1
DA:25,1
DA:26,0
DA:29,1
DA:30,1
DA:31,1
DA:32,1
DA:34,1
DA:37,1
DA:45,1
DA:46,2
DA:47,0
DA:48,0
DA:50,2
DA:51,0
DA:55,6
LF:20
LH:16
BRDA:12,0,0,1
BRDA:12,0,1,0
BRDA:21,1,0,0
BRDA:22,2,0,0
BRDA:22,2,1,1
BRDA:25,3,0,0
BRDA:25,3,1,1
BRDA:31,4,0,1
BRDA:31,4,1,0
BRDA:46,5,0,0
BRDA:46,5,1,2
BRDA:51,6,0,0
BRDA:51,6,1,0
BRF:13
BRH:5
end_of_record
TN:
SF:middleware\rateLimiter.js
FN:10,(anonymous_0)
FN:10,(anonymous_1)
FN:14,(anonymous_2)
FN:49,(anonymous_3)
FN:60,(anonymous_4)
FNF:5
FNH:2
FNDA:6,(anonymous_0)
FNDA:0,(anonymous_1)
FNDA:6,(anonymous_2)
FNDA:0,(anonymous_3)
FNDA:0,(anonymous_4)
DA:10,6
DA:11,0
DA:14,1
DA:15,6
DA:24,1
DA:29,1
DA:34,1
DA:39,1
DA:44,1
DA:49,1
DA:54,0
DA:60,1
DA:65,0
DA:71,1
LF:14
LH:11
BRDA:14,0,0,0
BRDA:49,1,0,0
BRDA:50,2,0,0
BRDA:51,3,0,0
BRDA:52,4,0,0
BRDA:60,5,0,0
BRDA:61,6,0,0
BRDA:62,7,0,0
BRDA:63,8,0,0
BRF:9
BRH:0
end_of_record
TN:
SF:middleware\roleMiddleware.js
FN:3,(anonymous_0)
FN:4,(anonymous_1)
FNF:2
FNH:2
FNDA:1,(anonymous_0)
FNDA:5,(anonymous_1)
DA:3,1
DA:4,1
DA:5,5
DA:6,0
DA:9,5
DA:10,0
DA:13,5
DA:14,1
DA:17,4
LF:9
LH:7
BRDA:5,0,0,0
BRDA:5,0,1,5
BRDA:9,1,0,0
BRDA:9,1,1,5
BRDA:9,2,0,5
BRDA:9,2,1,5
BRDA:13,3,0,1
BRDA:13,3,1,4
BRF:8
BRH:6
end_of_record
TN:
SF:middleware\validateRequest.js
FN:3,(anonymous_0)
FNF:1
FNH:1
FNDA:4,(anonymous_0)
DA:3,1
DA:4,4
DA:6,4
DA:7,1
DA:14,3
LF:5
LH:5
BRDA:6,0,0,1
BRDA:6,0,1,3
BRF:2
BRH:2
end_of_record
TN:
SF:models\AuditLog.js
FNF:0
FNH:0
DA:3,1
DA:46,1
DA:51,1
LF:3
LH:3
BRF:0
BRH:0
end_of_record
TN:
SF:models\Genre.js
FNF:0
FNH:0
DA:5,1
DA:60,1
DA:65,1
LF:3
LH:3
BRF:0
BRH:0
end_of_record
TN:
SF:models\Notification.js
FNF:0
FNH:0
DA:10,1
DA:98,1
DA:103,1
DA:107,1
DA:111,1
LF:5
LH:5
BRF:0
BRH:0
end_of_record
TN:
SF:models\Song.js
FNF:0
FNH:0
DA:5,1
DA:191,1
DA:202,1
DA:206,1
DA:210,1
DA:214,1
DA:218,1
DA:222,1
DA:226,1
LF:9
LH:9
BRF:0
BRH:0
end_of_record
TN:
SF:models\User.js
FN:125,(anonymous_0)
FN:133,(anonymous_1)
FN:149,(anonymous_2)
FNF:3
FNH:1
FNDA:0,(anonymous_0)
FNDA:7,(anonymous_1)
FNDA:0,(anonymous_2)
DA:7,2
DA:125,2
DA:126,0
DA:133,2
DA:134,7
DA:136,7
DA:138,7
DA:139,0
DA:142,7
DA:149,2
DA:150,0
DA:153,2
LF:12
LH:9
BRDA:126,0,0,0
BRDA:126,0,1,0
BRDA:134,1,0,0
BRDA:134,1,1,7
BRDA:138,2,0,0
BRDA:138,2,1,7
BRF:6
BRH:2
end_of_record
TN:
SF:routes\genreRoutes.js
FNF:0
FNH:0
DA:25,1
DA:27,1
DA:29,1
DA:31,1
DA:32,1
DA:33,1
LF:6
LH:6
BRF:0
BRH:0
end_of_record
TN:
SF:services\auditLogService.js
FN:4,(anonymous_0)
FN:26,(anonymous_1)
FN:50,(anonymous_2)
FNF:3
FNH:1
FNDA:0,(anonymous_0)
FNDA:2,(anonymous_1)
FNDA:0,(anonymous_2)
DA:14,0
DA:36,2
DA:37,2
DA:39,2
DA:51,0
DA:52,0
DA:54,0
DA:56,0
DA:62,0
DA:64,0
LF:10
LH:3
BRDA:8,0,0,0
BRDA:9,1,0,0
BRDA:10,2,0,0
BRDA:11,3,0,0
BRDA:30,4,0,0
BRDA:31,5,0,0
BRDA:32,6,0,2
BRDA:33,7,0,2
BRDA:36,8,0,2
BRDA:36,8,1,2
BRDA:36,8,2,2
BRDA:36,8,3,2
BRDA:37,9,0,2
BRDA:37,9,1,2
BRDA:37,9,2,2
BRDA:50,10,0,0
BRDA:50,11,0,0
BRDA:50,12,0,0
BRF:18
BRH:9
end_of_record
TN:
SF:services\genreService.js
FN:9,(anonymous_0)
FN:18,(anonymous_1)
FN:31,(anonymous_2)
FN:39,(anonymous_3)
FNF:4
FNH:2
FNDA:3,(anonymous_0)
FNDA:0,(anonymous_1)
FNDA:0,(anonymous_2)
FNDA:1,(anonymous_3)
DA:9,1
DA:10,3
DA:11,3
DA:13,2
DA:14,2
DA:15,2
DA:18,1
DA:19,0
DA:20,0
DA:22,0
DA:23,0
DA:24,0
DA:26,0
DA:27,0
DA:28,0
DA:31,1
DA:32,0
DA:33,0
DA:34,0
DA:35,0
DA:36,0
DA:39,1
DA:40,1
DA:41,1
LF:24
LH:11
BRDA:11,0,0,1
BRDA:11,0,1,2
BRDA:20,1,0,0
BRDA:20,1,1,0
BRDA:22,2,0,0
BRDA:22,2,1,0
BRDA:23,3,0,0
BRDA:23,3,1,0
BRDA:24,4,0,0
BRDA:24,4,1,0
BRDA:33,5,0,0
BRDA:33,5,1,0
BRDA:39,6,0,0
BRDA:39,7,0,0
BRDA:40,8,0,1
BRDA:40,8,1,0
BRF:16
BRH:3
end_of_record
TN:
SF:services\notificationService.js
FN:4,(anonymous_0)
FN:24,(anonymous_1)
FNF:2
FNH:1
FNDA:0,(anonymous_0)
FNDA:2,(anonymous_1)
DA:13,0
DA:34,2
DA:35,2
DA:36,0
DA:39,2
LF:5
LH:3
BRDA:8,0,0,0
BRDA:9,1,0,0
BRDA:10,2,0,0
BRDA:11,3,0,0
BRDA:29,4,0,0
BRDA:30,5,0,0
BRDA:31,6,0,2
BRDA:32,7,0,2
BRDA:34,8,0,2
BRDA:34,8,1,0
BRDA:35,9,0,0
BRDA:35,9,1,2
BRF:12
BRH:4
end_of_record
TN:
SF:services\songApprovalService.js
FN:17,(anonymous_0)
FN:27,(anonymous_1)
FN:40,(anonymous_2)
FN:68,(anonymous_3)
FN:105,(anonymous_4)
FN:140,(anonymous_5)
FN:174,(anonymous_6)
FN:208,(anonymous_7)
FN:221,(anonymous_8)
FN:225,(anonymous_9)
FNF:10
FNH:4
FNDA:3,(anonymous_0)
FNDA:4,(anonymous_1)
FNDA:0,(anonymous_2)
FNDA:3,(anonymous_3)
FNDA:1,(anonymous_4)
FNDA:0,(anonymous_5)
FNDA:0,(anonymous_6)
FNDA:0,(anonymous_7)
FNDA:0,(anonymous_8)
FNDA:0,(anonymous_9)
DA:17,1
DA:18,3
DA:19,3
DA:20,1
DA:27,1
DA:28,4
DA:29,4
DA:30,1
DA:32,3
DA:40,1
DA:41,0
DA:43,0
DA:44,0
DA:45,0
DA:46,0
DA:49,0
DA:61,0
DA:68,1
DA:69,3
DA:70,2
DA:72,1
DA:73,1
DA:74,1
DA:75,1
DA:76,1
DA:77,1
DA:78,1
DA:79,1
DA:81,1
DA:90,1
DA:98,1
DA:105,1
DA:106,1
DA:107,1
DA:109,1
DA:110,1
DA:111,1
DA:112,1
DA:113,1
DA:115,1
DA:124,1
DA:132,1
DA:140,1
DA:141,0
DA:142,0
DA:144,0
DA:145,0
DA:146,0
DA:147,0
DA:148,0
DA:150,0
DA:159,0
DA:167,0
DA:174,1
DA:175,0
DA:176,0
DA:178,0
DA:179,0
DA:180,0
DA:181,0
DA:182,0
DA:184,0
DA:193,0
DA:201,0
DA:208,1
DA:209,0
DA:213,0
DA:221,0
DA:222,0
DA:225,0
DA:227,0
LF:71
LH:38
BRDA:18,0,0,3
BRDA:18,0,1,0
BRDA:19,1,0,1
BRDA:19,1,1,2
BRDA:29,2,0,1
BRDA:29,2,1,3
BRDA:44,3,0,0
BRDA:44,3,1,0
BRDA:45,4,0,0
BRDA:45,4,1,0
BRDA:86,5,0,1
BRDA:86,5,1,0
BRDA:222,6,0,0
BRDA:222,6,1,0
BRF:14
BRH:6
end_of_record
TN:
SF:tests\setupTestDB.js
FN:7,(anonymous_0)
FN:17,(anonymous_1)
FN:21,(anonymous_2)
FN:26,(anonymous_3)
FN:30,(anonymous_4)
FNF:5
FNH:5
FNDA:2,(anonymous_0)
FNDA:2,(anonymous_1)
FNDA:2,(anonymous_2)
FNDA:10,(anonymous_3)
FNDA:28,(anonymous_4)
DA:5,2
DA:7,2
DA:8,2
DA:10,0
DA:11,0
DA:14,0
DA:17,2
DA:18,2
DA:21,2
DA:22,2
DA:23,2
DA:26,2
DA:27,10
DA:29,10
DA:31,28
LF:15
LH:12
BRDA:8,0,0,2
BRDA:8,0,1,0
BRDA:10,1,0,0
BRDA:10,1,1,0
BRF:4
BRH:1
end_of_record
TN:
SF:tests\testApp.js
FN:12,(anonymous_0)
FN:16,(anonymous_1)
FN:23,(anonymous_2)
FN:39,(anonymous_3)
FNF:4
FNH:4
FNDA:1,(anonymous_0)
FNDA:1,(anonymous_1)
FNDA:3,(anonymous_2)
FNDA:4,(anonymous_3)
DA:12,1
DA:13,1
DA:14,1
DA:16,1
DA:17,1
DA:23,1
DA:24,3
DA:25,3
DA:32,1
DA:39,1
DA:40,4
LF:11
LH:11
BRDA:12,0,0,0
BRDA:24,1,0,3
BRDA:24,1,1,0
BRDA:27,2,0,3
BRDA:27,2,1,0
BRDA:28,3,0,3
BRDA:28,3,1,3
BRF:7
BRH:4
end_of_record
TN:
SF:utils\ApiError.js
FN:2,(anonymous_0)
FNF:1
FNH:1
FNDA:5,(anonymous_0)
DA:3,5
DA:5,5
DA:6,5
DA:7,5
DA:9,5
LF:5
LH:5
BRF:0
BRH:0
end_of_record
TN:
SF:utils\ApiResponse.js
FN:2,(anonymous_0)
FNF:1
FNH:1
FNDA:3,(anonymous_0)
DA:7,3
DA:8,3
DA:9,3
DA:10,3
LF:4
LH:4
BRDA:3,0,0,0
BRDA:4,1,0,0
BRDA:5,2,0,0
BRF:3
BRH:0
end_of_record
TN:
SF:utils\asyncHandler.js
FN:1,(anonymous_0)
FN:2,(anonymous_1)
FNF:2
FNH:2
FNDA:4,(anonymous_0)
FNDA:4,(anonymous_1)
DA:1,1
DA:2,4
DA:3,4
LF:3
LH:3
BRF:0
BRH:0
end_of_record
TN:
SF:utils\pagination.js
FN:10,(anonymous_0)
FN:26,(anonymous_1)
FNF:2
FNH:0
FNDA:0,(anonymous_0)
FNDA:0,(anonymous_1)
DA:3,1
DA:4,1
DA:10,1
DA:11,0
DA:12,0
DA:14,0
DA:15,0
DA:16,0
DA:18,0
DA:20,0
DA:26,1
LF:11
LH:4
BRDA:14,0,0,0
BRDA:14,0,1,0
BRDA:14,1,0,0
BRDA:14,1,1,0
BRDA:15,2,0,0
BRDA:15,2,1,0
BRDA:15,3,0,0
BRDA:15,3,1,0
BRDA:16,4,0,0
BRDA:16,4,1,0
BRDA:31,5,0,0
BRDA:31,5,1,0
BRF:12
BRH:0
end_of_record
TN:
SF:utils\slugGenerator.js
FN:9,(anonymous_0)
FNF:1
FNH:1
FNDA:2,(anonymous_0)
DA:9,1
DA:10,2
DA:16,2
DA:17,2
LF:4
LH:4
BRF:0
BRH:0
end_of_record
TN:
SF:validators\commonValidators.js
FN:4,(anonymous_0)
FNF:1
FNH:0
FNDA:0,(anonymous_0)
DA:4,1
DA:5,0
DA:6,0
DA:9,0
DA:12,1
LF:5
LH:2
BRDA:5,0,0,0
BRDA:5,0,1,0
BRDA:5,1,0,0
BRDA:5,1,1,0
BRF:4
BRH:0
end_of_record
TN:
SF:validators\genreValidator.js
FNF:0
FNH:0
DA:7,1
DA:11,1
DA:21,1
LF:3
LH:3
BRF:0
BRH:0
end_of_record
